


ARM Macro Assembler    Page 1 


    1 00000000         ;/********************************** (C) COPYRIGHT *****
                       **************************
    2 00000000         ;* File Name          : startup_ch32f20x_D8C.s
    3 00000000         ;* Author             : WCH
    4 00000000         ;* Version            : V1.0.0
    5 00000000         ;* Date               : 2021/08/08
    6 00000000         ;* Description        : CH32F205x-CH32F207x vector table
                        for MDK-ARM toolchain.
    7 00000000         ;*******************************************************
                       **************************
    8 00000000         ;* Copyright (c) 2021 Nanjing Qinheng Microelectronics C
                       o., Ltd.
    9 00000000         ;* Attention: This software (modified or not) and binary
                        are used for 
   10 00000000         ;* microcontroller manufactured by Nanjing Qinheng Micro
                       electronics.
   11 00000000         ;*******************************************************
                       ************************/
   12 00000000         
   13 00000000         ;/******************************************************
                       *************************
   14 00000000         ; Amount of memory (in bytes) allocated for Stack
   15 00000000         ; Tailor this value to your application needs
   16 00000000         ; <h> Stack Configuration
   17 00000000         ;   <o> Stack Size (in Bytes) <0x0-0xFFFFFFFF:8>
   18 00000000         ; </h>
   19 00000000         ;*******************************************************
                       ************************/
   20 00000000 00000400 
                       Stack_Size
                               EQU              0x00000400
   21 00000000         
   22 00000000                 AREA             STACK, NOINIT, READWRITE, ALIGN
=3
   23 00000000         Stack_Mem
                               SPACE            Stack_Size
   24 00000400         __initial_sp
   25 00000400         
   26 00000400         ;/******************************************************
                       *************************
   27 00000400         ; <h> Heap Configuration
   28 00000400         ;   <o>  Heap Size (in Bytes) <0x0-0xFFFFFFFF:8>
   29 00000400         ; </h>
   30 00000400         ;*******************************************************
                       ************************/
   31 00000400 00000200 
                       Heap_Size
                               EQU              0x00000200
   32 00000400         
   33 00000400                 AREA             HEAP, NOINIT, READWRITE, ALIGN=
3
   34 00000000         __heap_base
   35 00000000         Heap_Mem
                               SPACE            Heap_Size
   36 00000200         __heap_limit
   37 00000200         
   38 00000200                 PRESERVE8
   39 00000200                 THUMB
   40 00000200         



ARM Macro Assembler    Page 2 


   41 00000200         ;/******************************************************
                       *************************
   42 00000200         ; Vector Table Mapped to Address 0 at Reset
   43 00000200         ;*******************************************************
                       ************************/
   44 00000200                 AREA             RESET, DATA, READONLY
   45 00000000                 EXPORT           __Vectors
   46 00000000                 EXPORT           __Vectors_End
   47 00000000                 EXPORT           __Vectors_Size
   48 00000000         
   49 00000000 00000000 
                       __Vectors
                               DCD              __initial_sp ; Top of Stack
   50 00000004 00000000        DCD              Reset_Handler ; Reset Handler
   51 00000008 00000000        DCD              NMI_Handler ; NMI Handler
   52 0000000C 00000000        DCD              HardFault_Handler ; Hard Fault 
                                                            Handler
   53 00000010 00000000        DCD              MemManage_Handler 
                                                            ; MPU Fault Handler
                                                            
   54 00000014 00000000        DCD              BusFault_Handler 
                                                            ; Bus Fault Handler
                                                            
   55 00000018 00000000        DCD              UsageFault_Handler ; Usage Faul
                                                            t Handler
   56 0000001C 00000000        DCD              0           ; Reserved
   57 00000020 00000000        DCD              0           ; Reserved
   58 00000024 00000000        DCD              0           ; Reserved
   59 00000028 00000000        DCD              0           ; Reserved
   60 0000002C 00000000        DCD              SVC_Handler ; SVCall Handler
   61 00000030 00000000        DCD              DebugMon_Handler ; Debug Monito
                                                            r Handler
   62 00000034 00000000        DCD              0           ; Reserved
   63 00000038 00000000        DCD              PendSV_Handler ; PendSV Handler
                                                            
   64 0000003C 00000000        DCD              SysTick_Handler 
                                                            ; SysTick Handler
   65 00000040         
   66 00000040         ;/******************************************************
                       *************************
   67 00000040         ; External Interrupts
   68 00000040         ;*******************************************************
                       ************************/
   69 00000040 00000000        DCD              WWDG_IRQHandler 
                                                            ; Window Watchdog
   70 00000044 00000000        DCD              PVD_IRQHandler ; PVD through EX
                                                            TI Line detect
   71 00000048 00000000        DCD              TAMPER_IRQHandler ; TAMPER
   72 0000004C 00000000        DCD              RTC_IRQHandler ; RTC
   73 00000050 00000000        DCD              FLASH_IRQHandler ; FLASH
   74 00000054 00000000        DCD              RCC_IRQHandler ; RCC
   75 00000058 00000000        DCD              EXTI0_IRQHandler ; EXTI Line 0
   76 0000005C 00000000        DCD              EXTI1_IRQHandler ; EXTI Line 1
   77 00000060 00000000        DCD              EXTI2_IRQHandler ; EXTI Line 2
   78 00000064 00000000        DCD              EXTI3_IRQHandler ; EXTI Line 3
   79 00000068 00000000        DCD              EXTI4_IRQHandler ; EXTI Line 4
   80 0000006C 00000000        DCD              DMA1_Channel1_IRQHandler 
                                                            ; DMA1 Channel 1
   81 00000070 00000000        DCD              DMA1_Channel2_IRQHandler 



ARM Macro Assembler    Page 3 


                                                            ; DMA1 Channel 2
   82 00000074 00000000        DCD              DMA1_Channel3_IRQHandler 
                                                            ; DMA1 Channel 3
   83 00000078 00000000        DCD              DMA1_Channel4_IRQHandler 
                                                            ; DMA1 Channel 4
   84 0000007C 00000000        DCD              DMA1_Channel5_IRQHandler 
                                                            ; DMA1 Channel 5
   85 00000080 00000000        DCD              DMA1_Channel6_IRQHandler 
                                                            ; DMA1 Channel 6
   86 00000084 00000000        DCD              DMA1_Channel7_IRQHandler 
                                                            ; DMA1 Channel 7
   87 00000088 00000000        DCD              ADC1_2_IRQHandler ; ADC1_2
   88 0000008C 00000000        DCD              USB_HP_CAN1_TX_IRQHandler ; USB
                                                             High Priority or C
                                                            AN1 TX
   89 00000090 00000000        DCD              USB_LP_CAN1_RX0_IRQHandler ; US
                                                            B Low  Priority or 
                                                            CAN1 RX0
   90 00000094 00000000        DCD              CAN1_RX1_IRQHandler ; CAN1 RX1
   91 00000098 00000000        DCD              CAN1_SCE_IRQHandler ; CAN1 SCE
   92 0000009C 00000000        DCD              EXTI9_5_IRQHandler 
                                                            ; EXTI Line 9..5
   93 000000A0 00000000        DCD              TIM1_BRK_IRQHandler 
                                                            ; TIM1 Break
   94 000000A4 00000000        DCD              TIM1_UP_IRQHandler 
                                                            ; TIM1 Update
   95 000000A8 00000000        DCD              TIM1_TRG_COM_IRQHandler ; TIM1 
                                                            Trigger and Commuta
                                                            tion
   96 000000AC 00000000        DCD              TIM1_CC_IRQHandler ; TIM1 Captu
                                                            re Compare
   97 000000B0 00000000        DCD              TIM2_IRQHandler ; TIM2
   98 000000B4 00000000        DCD              TIM3_IRQHandler ; TIM3
   99 000000B8 00000000        DCD              TIM4_IRQHandler ; TIM4
  100 000000BC 00000000        DCD              I2C1_EV_IRQHandler ; I2C1 Event
                                                            
  101 000000C0 00000000        DCD              I2C1_ER_IRQHandler ; I2C1 Error
                                                            
  102 000000C4 00000000        DCD              I2C2_EV_IRQHandler ; I2C2 Event
                                                            
  103 000000C8 00000000        DCD              I2C2_ER_IRQHandler ; I2C2 Error
                                                            
  104 000000CC 00000000        DCD              SPI1_IRQHandler ; SPI1
  105 000000D0 00000000        DCD              SPI2_IRQHandler ; SPI2
  106 000000D4 00000000        DCD              USART1_IRQHandler ; USART1
  107 000000D8 00000000        DCD              USART2_IRQHandler ; USART2
  108 000000DC 00000000        DCD              USART3_IRQHandler ; USART3
  109 000000E0 00000000        DCD              EXTI15_10_IRQHandler 
                                                            ; EXTI Line 15..10
  110 000000E4 00000000        DCD              RTCAlarm_IRQHandler ; RTC Alarm
                                                             through EXTI Line
  111 000000E8 00000000        DCD              0
  112 000000EC 00000000        DCD              TIM8_BRK_IRQHandler 
                                                            ; TIM8 Break
  113 000000F0 00000000        DCD              TIM8_UP_IRQHandler 
                                                            ; TIM8 Update
  114 000000F4 00000000        DCD              TIM8_TRG_COM_IRQHandler ; TIM8 
                                                            Trigger and Commuta
                                                            tion



ARM Macro Assembler    Page 4 


  115 000000F8 00000000        DCD              TIM8_CC_IRQHandler ; TIM8 Captu
                                                            re Compare
  116 000000FC 00000000        DCD              RNG_IRQHandler ; RNG
  117 00000100 00000000        DCD              FSMC_IRQHandler ; FSMC
  118 00000104 00000000        DCD              SDIO_IRQHandler ; SDIO
  119 00000108 00000000        DCD              TIM5_IRQHandler ; TIM5
  120 0000010C 00000000        DCD              SPI3_IRQHandler ; SPI3
  121 00000110 00000000        DCD              UART4_IRQHandler ; UART4
  122 00000114 00000000        DCD              UART5_IRQHandler ; UART5
  123 00000118 00000000        DCD              TIM6_IRQHandler ; TIM6
  124 0000011C 00000000        DCD              TIM7_IRQHandler ; TIM7
  125 00000120 00000000        DCD              DMA2_Channel1_IRQHandler 
                                                            ; DMA2 Channel 1
  126 00000124 00000000        DCD              DMA2_Channel2_IRQHandler 
                                                            ; DMA2 Channel 2
  127 00000128 00000000        DCD              DMA2_Channel3_IRQHandler 
                                                            ; DMA2 Channel 3
  128 0000012C 00000000        DCD              DMA2_Channel4_IRQHandler 
                                                            ; DMA2 Channel 4
  129 00000130 00000000        DCD              DMA2_Channel5_IRQHandler 
                                                            ; DMA2 Channel 5
  130 00000134 00000000        DCD              ETH_IRQHandler ; ETH 
  131 00000138 00000000        DCD              ETH_WKUP_IRQHandler 
                                                            ; ETH WakeUp 
  132 0000013C 00000000        DCD              CAN2_TX_IRQHandler ; CAN2 TX 
  133 00000140 00000000        DCD              CAN2_RX0_IRQHandler ; CAN2 RX0 
                                                            
  134 00000144 00000000        DCD              CAN2_RX1_IRQHandler ; CAN2 RX1 
                                                            
  135 00000148 00000000        DCD              CAN2_SCE_IRQHandler ; CAN2 SCE 
                                                            
  136 0000014C 00000000        DCD              OTG_FS_IRQHandler ; OTGFS 
  137 00000150 00000000        DCD              USBHSWakeup_IRQHandler 
                                                            ; USBHS Wakeup 
  138 00000154 00000000        DCD              USBHS_IRQHandler ; USBHS 
  139 00000158 00000000        DCD              DVP_IRQHandler ; DVP 
  140 0000015C 00000000        DCD              UART6_IRQHandler ; UART6 
  141 00000160 00000000        DCD              UART7_IRQHandler ; UART7 
  142 00000164 00000000        DCD              UART8_IRQHandler ; UART8 
  143 00000168 00000000        DCD              TIM9_BRK_IRQHandler 
                                                            ; TIM9 Break 
  144 0000016C 00000000        DCD              TIM9_UP_IRQHandler 
                                                            ; TIM9 Update 
  145 00000170 00000000        DCD              TIM9_TRG_COM_IRQHandler ; TIM9 
                                                            Trigger and Commuta
                                                            tion 
  146 00000174 00000000        DCD              TIM9_CC_IRQHandler ; TIM9 Captu
                                                            re Compare 
  147 00000178 00000000        DCD              TIM10_BRK_IRQHandler 
                                                            ; TIM10 Break 
  148 0000017C 00000000        DCD              TIM10_UP_IRQHandler 
                                                            ; TIM10 Update 
  149 00000180 00000000        DCD              TIM10_TRG_COM_IRQHandler ; TIM1
                                                            0 Trigger and Commu
                                                            tation 
  150 00000184 00000000        DCD              TIM10_CC_IRQHandler ; TIM10 Cap
                                                            ture Compare 
  151 00000188 00000000        DCD              DMA2_Channel6_IRQHandler 
                                                            ; DMA2 Channel 6 



ARM Macro Assembler    Page 5 


  152 0000018C 00000000        DCD              DMA2_Channel7_IRQHandler 
                                                            ; DMA2 Channel 7 
  153 00000190 00000000        DCD              DMA2_Channel8_IRQHandler 
                                                            ; DMA2 Channel 8 
  154 00000194 00000000        DCD              DMA2_Channel9_IRQHandler 
                                                            ; DMA2 Channel 9 
  155 00000198 00000000        DCD              DMA2_Channel10_IRQHandler 
                                                            ; DMA2 Channel 10 
  156 0000019C 00000000        DCD              DMA2_Channel11_IRQHandler ; DMA
                                                            2 Channel 11     
  157 000001A0         
  158 000001A0         __Vectors_End
  159 000001A0         
  160 000001A0 000001A0 
                       __Vectors_Size
                               EQU              __Vectors_End - __Vectors
  161 000001A0         
  162 000001A0                 AREA             |.text|, CODE, READONLY
  163 00000000         ;/******************************************************
                       *************************
  164 00000000         ; Reset handler
  165 00000000         ;*******************************************************
                       ************************/
  166 00000000         Reset_Handler
                               PROC
  167 00000000                 EXPORT           Reset_Handler             [WEAK
]
  168 00000000                 IMPORT           __main
  169 00000000                 IMPORT           SystemInit
  170 00000000 4809            LDR              R0, =SystemInit
  171 00000002 4780            BLX              R0
  172 00000004 4809            LDR              R0, =__main
  173 00000006 4700            BX               R0
  174 00000008                 ENDP
  175 00000008         
  176 00000008         ;/******************************************************
                       *************************
  177 00000008         ; Dummy Exception Handlers (infinite loops which can be 
                       modified)
  178 00000008         ;*******************************************************
                       ************************/
  179 00000008         NMI_Handler
                               PROC
  180 00000008                 EXPORT           NMI_Handler                [WEA
K]
  181 00000008 E7FE            B                .
  182 0000000A                 ENDP
  184 0000000A         HardFault_Handler
                               PROC
  185 0000000A                 EXPORT           HardFault_Handler          [WEA
K]
  186 0000000A E7FE            B                .
  187 0000000C                 ENDP
  189 0000000C         MemManage_Handler
                               PROC
  190 0000000C                 EXPORT           MemManage_Handler          [WEA
K]
  191 0000000C E7FE            B                .
  192 0000000E                 ENDP



ARM Macro Assembler    Page 6 


  194 0000000E         BusFault_Handler
                               PROC
  195 0000000E                 EXPORT           BusFault_Handler           [WEA
K]
  196 0000000E E7FE            B                .
  197 00000010                 ENDP
  199 00000010         UsageFault_Handler
                               PROC
  200 00000010                 EXPORT           UsageFault_Handler         [WEA
K]
  201 00000010 E7FE            B                .
  202 00000012                 ENDP
  203 00000012         SVC_Handler
                               PROC
  204 00000012                 EXPORT           SVC_Handler                [WEA
K]
  205 00000012 E7FE            B                .
  206 00000014                 ENDP
  208 00000014         DebugMon_Handler
                               PROC
  209 00000014                 EXPORT           DebugMon_Handler           [WEA
K]
  210 00000014 E7FE            B                .
  211 00000016                 ENDP
  212 00000016         PendSV_Handler
                               PROC
  213 00000016                 EXPORT           PendSV_Handler             [WEA
K]
  214 00000016 E7FE            B                .
  215 00000018                 ENDP
  216 00000018         SysTick_Handler
                               PROC
  217 00000018                 EXPORT           SysTick_Handler            [WEA
K]
  218 00000018 E7FE            B                .
  219 0000001A                 ENDP
  220 0000001A         
  221 0000001A         Default_Handler
                               PROC
  222 0000001A         
  223 0000001A                 EXPORT           WWDG_IRQHandler            [WEA
K]
  224 0000001A                 EXPORT           PVD_IRQHandler             [WEA
K]
  225 0000001A                 EXPORT           TAMPER_IRQHandler          [WEA
K]
  226 0000001A                 EXPORT           RTC_IRQHandler             [WEA
K]
  227 0000001A                 EXPORT           FLASH_IRQHandler           [WEA
K]
  228 0000001A                 EXPORT           RCC_IRQHandler             [WEA
K]
  229 0000001A                 EXPORT           EXTI0_IRQHandler           [WEA
K]
  230 0000001A                 EXPORT           EXTI1_IRQHandler           [WEA
K]
  231 0000001A                 EXPORT           EXTI2_IRQHandler           [WEA
K]
  232 0000001A                 EXPORT           EXTI3_IRQHandler           [WEA



ARM Macro Assembler    Page 7 


K]
  233 0000001A                 EXPORT           EXTI4_IRQHandler           [WEA
K]
  234 0000001A                 EXPORT           DMA1_Channel1_IRQHandler   [WEA
K]
  235 0000001A                 EXPORT           DMA1_Channel2_IRQHandler   [WEA
K]
  236 0000001A                 EXPORT           DMA1_Channel3_IRQHandler   [WEA
K]
  237 0000001A                 EXPORT           DMA1_Channel4_IRQHandler   [WEA
K]
  238 0000001A                 EXPORT           DMA1_Channel5_IRQHandler   [WEA
K]
  239 0000001A                 EXPORT           DMA1_Channel6_IRQHandler   [WEA
K]
  240 0000001A                 EXPORT           DMA1_Channel7_IRQHandler   [WEA
K]
  241 0000001A                 EXPORT           ADC1_2_IRQHandler          [WEA
K]
  242 0000001A                 EXPORT           USB_HP_CAN1_TX_IRQHandler  [WEA
K]
  243 0000001A                 EXPORT           USB_LP_CAN1_RX0_IRQHandler [WEA
K]
  244 0000001A                 EXPORT           CAN1_RX1_IRQHandler        [WEA
K]
  245 0000001A                 EXPORT           CAN1_SCE_IRQHandler        [WEA
K]
  246 0000001A                 EXPORT           EXTI9_5_IRQHandler         [WEA
K]
  247 0000001A                 EXPORT           TIM1_BRK_IRQHandler        [WEA
K]
  248 0000001A                 EXPORT           TIM1_UP_IRQHandler         [WEA
K]
  249 0000001A                 EXPORT           TIM1_TRG_COM_IRQHandler    [WEA
K]
  250 0000001A                 EXPORT           TIM1_CC_IRQHandler         [WEA
K]
  251 0000001A                 EXPORT           TIM2_IRQHandler            [WEA
K]
  252 0000001A                 EXPORT           TIM3_IRQHandler            [WEA
K]
  253 0000001A                 EXPORT           TIM4_IRQHandler            [WEA
K]
  254 0000001A                 EXPORT           I2C1_EV_IRQHandler         [WEA
K]
  255 0000001A                 EXPORT           I2C1_ER_IRQHandler         [WEA
K]
  256 0000001A                 EXPORT           I2C2_EV_IRQHandler         [WEA
K]
  257 0000001A                 EXPORT           I2C2_ER_IRQHandler         [WEA
K]
  258 0000001A                 EXPORT           SPI1_IRQHandler            [WEA
K]
  259 0000001A                 EXPORT           SPI2_IRQHandler            [WEA
K]
  260 0000001A                 EXPORT           USART1_IRQHandler          [WEA
K]
  261 0000001A                 EXPORT           USART2_IRQHandler          [WEA
K]



ARM Macro Assembler    Page 8 


  262 0000001A                 EXPORT           USART3_IRQHandler          [WEA
K]
  263 0000001A                 EXPORT           EXTI15_10_IRQHandler       [WEA
K]
  264 0000001A                 EXPORT           RTCAlarm_IRQHandler        [WEA
K]
  265 0000001A                 EXPORT           TIM8_BRK_IRQHandler        [WEA
K]
  266 0000001A                 EXPORT           TIM8_UP_IRQHandler         [WEA
K]
  267 0000001A                 EXPORT           TIM8_TRG_COM_IRQHandler    [WEA
K]
  268 0000001A                 EXPORT           TIM8_CC_IRQHandler         [WEA
K]
  269 0000001A                 EXPORT           RNG_IRQHandler             [WEA
K]
  270 0000001A                 EXPORT           FSMC_IRQHandler            [WEA
K]
  271 0000001A                 EXPORT           SDIO_IRQHandler            [WEA
K]
  272 0000001A                 EXPORT           TIM5_IRQHandler            [WEA
K]
  273 0000001A                 EXPORT           SPI3_IRQHandler            [WEA
K]
  274 0000001A                 EXPORT           UART4_IRQHandler           [WEA
K]
  275 0000001A                 EXPORT           UART5_IRQHandler           [WEA
K]
  276 0000001A                 EXPORT           TIM6_IRQHandler            [WEA
K]
  277 0000001A                 EXPORT           TIM7_IRQHandler            [WEA
K]
  278 0000001A                 EXPORT           DMA2_Channel1_IRQHandler   [WEA
K]
  279 0000001A                 EXPORT           DMA2_Channel2_IRQHandler   [WEA
K]
  280 0000001A                 EXPORT           DMA2_Channel3_IRQHandler   [WEA
K]
  281 0000001A                 EXPORT           DMA2_Channel4_IRQHandler   [WEA
K]
  282 0000001A                 EXPORT           DMA2_Channel5_IRQHandler   [WEA
K]
  283 0000001A                 EXPORT           ETH_IRQHandler             [WEA
K]
  284 0000001A                 EXPORT           ETH_WKUP_IRQHandler        [WEA
K]
  285 0000001A                 EXPORT           CAN2_TX_IRQHandler         [WEA
K]
  286 0000001A                 EXPORT           CAN2_RX0_IRQHandler        [WEA
K]
  287 0000001A                 EXPORT           CAN2_RX1_IRQHandler        [WEA
K]
  288 0000001A                 EXPORT           CAN2_SCE_IRQHandler        [WEA
K]
  289 0000001A                 EXPORT           OTG_FS_IRQHandler          [WEA
K]
  290 0000001A                 EXPORT           USBHSWakeup_IRQHandler     [WEA
K]
  291 0000001A                 EXPORT           USBHS_IRQHandler           [WEA



ARM Macro Assembler    Page 9 


K]
  292 0000001A                 EXPORT           DVP_IRQHandler             [WEA
K]
  293 0000001A                 EXPORT           UART6_IRQHandler           [WEA
K]
  294 0000001A                 EXPORT           UART7_IRQHandler           [WEA
K]
  295 0000001A                 EXPORT           UART8_IRQHandler           [WEA
K]
  296 0000001A                 EXPORT           TIM9_BRK_IRQHandler        [WEA
K]
  297 0000001A                 EXPORT           TIM9_UP_IRQHandler         [WEA
K]
  298 0000001A                 EXPORT           TIM9_TRG_COM_IRQHandler    [WEA
K]
  299 0000001A                 EXPORT           TIM9_CC_IRQHandler         [WEA
K]
  300 0000001A                 EXPORT           TIM10_BRK_IRQHandler       [WEA
K]
  301 0000001A                 EXPORT           TIM10_UP_IRQHandler        [WEA
K]
  302 0000001A                 EXPORT           TIM10_TRG_COM_IRQHandler   [WEA
K]
  303 0000001A                 EXPORT           TIM10_CC_IRQHandler        [WEA
K]
  304 0000001A                 EXPORT           DMA2_Channel6_IRQHandler   [WEA
K]
  305 0000001A                 EXPORT           DMA2_Channel7_IRQHandler   [WEA
K]
  306 0000001A                 EXPORT           DMA2_Channel8_IRQHandler   [WEA
K]
  307 0000001A                 EXPORT           DMA2_Channel9_IRQHandler   [WEA
K]
  308 0000001A                 EXPORT           DMA2_Channel10_IRQHandler  [WEA
K]
  309 0000001A                 EXPORT           DMA2_Channel11_IRQHandler  [WEA
K]
  310 0000001A         
  311 0000001A         WWDG_IRQHandler
  312 0000001A         PVD_IRQHandler
  313 0000001A         TAMPER_IRQHandler
  314 0000001A         RTC_IRQHandler
  315 0000001A         FLASH_IRQHandler
  316 0000001A         RCC_IRQHandler
  317 0000001A         EXTI0_IRQHandler
  318 0000001A         EXTI1_IRQHandler
  319 0000001A         EXTI2_IRQHandler
  320 0000001A         EXTI3_IRQHandler
  321 0000001A         EXTI4_IRQHandler
  322 0000001A         DMA1_Channel1_IRQHandler
  323 0000001A         DMA1_Channel2_IRQHandler
  324 0000001A         DMA1_Channel3_IRQHandler
  325 0000001A         DMA1_Channel4_IRQHandler
  326 0000001A         DMA1_Channel5_IRQHandler
  327 0000001A         DMA1_Channel6_IRQHandler
  328 0000001A         DMA1_Channel7_IRQHandler
  329 0000001A         ADC1_2_IRQHandler
  330 0000001A         USB_HP_CAN1_TX_IRQHandler
  331 0000001A         USB_LP_CAN1_RX0_IRQHandler



ARM Macro Assembler    Page 10 


  332 0000001A         CAN1_RX1_IRQHandler
  333 0000001A         CAN1_SCE_IRQHandler
  334 0000001A         EXTI9_5_IRQHandler
  335 0000001A         TIM1_BRK_IRQHandler
  336 0000001A         TIM1_UP_IRQHandler
  337 0000001A         TIM1_TRG_COM_IRQHandler
  338 0000001A         TIM1_CC_IRQHandler
  339 0000001A         TIM2_IRQHandler
  340 0000001A         TIM3_IRQHandler
  341 0000001A         TIM4_IRQHandler
  342 0000001A         I2C1_EV_IRQHandler
  343 0000001A         I2C1_ER_IRQHandler
  344 0000001A         I2C2_EV_IRQHandler
  345 0000001A         I2C2_ER_IRQHandler
  346 0000001A         SPI1_IRQHandler
  347 0000001A         SPI2_IRQHandler
  348 0000001A         USART1_IRQHandler
  349 0000001A         USART2_IRQHandler
  350 0000001A         USART3_IRQHandler
  351 0000001A         EXTI15_10_IRQHandler
  352 0000001A         RTCAlarm_IRQHandler
  353 0000001A         TIM8_BRK_IRQHandler
  354 0000001A         TIM8_UP_IRQHandler
  355 0000001A         TIM8_TRG_COM_IRQHandler
  356 0000001A         TIM8_CC_IRQHandler
  357 0000001A         RNG_IRQHandler
  358 0000001A         FSMC_IRQHandler
  359 0000001A         SDIO_IRQHandler
  360 0000001A         TIM5_IRQHandler
  361 0000001A         SPI3_IRQHandler
  362 0000001A         UART4_IRQHandler
  363 0000001A         UART5_IRQHandler
  364 0000001A         TIM6_IRQHandler
  365 0000001A         TIM7_IRQHandler
  366 0000001A         DMA2_Channel1_IRQHandler
  367 0000001A         DMA2_Channel2_IRQHandler
  368 0000001A         DMA2_Channel3_IRQHandler
  369 0000001A         DMA2_Channel4_IRQHandler
  370 0000001A         DMA2_Channel5_IRQHandler
  371 0000001A         ETH_IRQHandler
  372 0000001A         ETH_WKUP_IRQHandler
  373 0000001A         CAN2_TX_IRQHandler
  374 0000001A         CAN2_RX0_IRQHandler
  375 0000001A         CAN2_RX1_IRQHandler
  376 0000001A         CAN2_SCE_IRQHandler
  377 0000001A         OTG_FS_IRQHandler
  378 0000001A         USBHSWakeup_IRQHandler
  379 0000001A         USBHS_IRQHandler
  380 0000001A         DVP_IRQHandler
  381 0000001A         UART6_IRQHandler
  382 0000001A         UART7_IRQHandler
  383 0000001A         UART8_IRQHandler
  384 0000001A         TIM9_BRK_IRQHandler
  385 0000001A         TIM9_UP_IRQHandler
  386 0000001A         TIM9_TRG_COM_IRQHandler
  387 0000001A         TIM9_CC_IRQHandler
  388 0000001A         TIM10_BRK_IRQHandler
  389 0000001A         TIM10_UP_IRQHandler
  390 0000001A         TIM10_TRG_COM_IRQHandler



ARM Macro Assembler    Page 11 


  391 0000001A         TIM10_CC_IRQHandler
  392 0000001A         DMA2_Channel6_IRQHandler
  393 0000001A         DMA2_Channel7_IRQHandler
  394 0000001A         DMA2_Channel8_IRQHandler
  395 0000001A         DMA2_Channel9_IRQHandler
  396 0000001A         DMA2_Channel10_IRQHandler
  397 0000001A         DMA2_Channel11_IRQHandler
  398 0000001A         
  399 0000001A E7FE            B                .
  400 0000001C         
  401 0000001C                 ENDP
  402 0000001C         
  403 0000001C                 ALIGN
  404 0000001C         
  405 0000001C         ;/******************************************************
                       *************************
  406 0000001C         ; User Stack and Heap initialization
  407 0000001C         ;*******************************************************
                       ************************/
  408 0000001C                 IF               :DEF:__MICROLIB
  415 0000001C         
  416 0000001C                 IMPORT           __use_two_region_memory
  417 0000001C                 EXPORT           __user_initial_stackheap
  418 0000001C         
  419 0000001C         __user_initial_stackheap
  420 0000001C         
  421 0000001C 4804            LDR              R0, =  Heap_Mem
  422 0000001E 4905            LDR              R1, =(Stack_Mem + Stack_Size)
  423 00000020 4A05            LDR              R2, = (Heap_Mem +  Heap_Size)
  424 00000022 4B06            LDR              R3, = Stack_Mem
  425 00000024 4770            BX               LR
  426 00000026         
  427 00000026 00 00           ALIGN
  428 00000028         
  429 00000028                 ENDIF
  430 00000028         
  431 00000028                 END
              00000000 
              00000000 
              00000000 
              00000400 
              00000200 
              00000000 
Command Line: --debug --xref --diag_suppress=9931 --cpu=Cortex-M3 --apcs=interw
ork --depend=.\obj\startup_ch32f20x_d8c.d -o.\obj\startup_ch32f20x_d8c.o -ID:\C
H207\CH32F20xEVT\EVT\EXAM\FreeRTOS\FreeRTOS_Core\RTE -IC:\keil\MDK\ARM\PACK\Kei
l\WCH32F2xx_DFP\1.0.2\Device\Include -IC:\keil\MDK\ARM\CMSIS\Include --predefin
e="__UVISION_VERSION SETA 520" --list=.\list\startup_ch32f20x_d8c.lst ..\..\SRC
\Startup\startup_ch32f20x_D8C.s



ARM Macro Assembler    Page 1 Alphabetic symbol ordering
Relocatable symbols

STACK 00000000

Symbol: STACK
   Definitions
      At line 22 in file ..\..\SRC\Startup\startup_ch32f20x_D8C.s
   Uses
      None
Comment: STACK unused
Stack_Mem 00000000

Symbol: Stack_Mem
   Definitions
      At line 23 in file ..\..\SRC\Startup\startup_ch32f20x_D8C.s
   Uses
      At line 422 in file ..\..\SRC\Startup\startup_ch32f20x_D8C.s
      At line 424 in file ..\..\SRC\Startup\startup_ch32f20x_D8C.s

__initial_sp 00000400

Symbol: __initial_sp
   Definitions
      At line 24 in file ..\..\SRC\Startup\startup_ch32f20x_D8C.s
   Uses
      At line 49 in file ..\..\SRC\Startup\startup_ch32f20x_D8C.s
Comment: __initial_sp used once
3 symbols



ARM Macro Assembler    Page 1 Alphabetic symbol ordering
Relocatable symbols

HEAP 00000000

Symbol: HEAP
   Definitions
      At line 33 in file ..\..\SRC\Startup\startup_ch32f20x_D8C.s
   Uses
      None
Comment: HEAP unused
Heap_Mem 00000000

Symbol: Heap_Mem
   Definitions
      At line 35 in file ..\..\SRC\Startup\startup_ch32f20x_D8C.s
   Uses
      At line 421 in file ..\..\SRC\Startup\startup_ch32f20x_D8C.s
      At line 423 in file ..\..\SRC\Startup\startup_ch32f20x_D8C.s

__heap_base 00000000

Symbol: __heap_base
   Definitions
      At line 34 in file ..\..\SRC\Startup\startup_ch32f20x_D8C.s
   Uses
      None
Comment: __heap_base unused
__heap_limit 00000200

Symbol: __heap_limit
   Definitions
      At line 36 in file ..\..\SRC\Startup\startup_ch32f20x_D8C.s
   Uses
      None
Comment: __heap_limit unused
4 symbols



ARM Macro Assembler    Page 1 Alphabetic symbol ordering
Relocatable symbols

RESET 00000000

Symbol: RESET
   Definitions
      At line 44 in file ..\..\SRC\Startup\startup_ch32f20x_D8C.s
   Uses
      None
Comment: RESET unused
__Vectors 00000000

Symbol: __Vectors
   Definitions
      At line 49 in file ..\..\SRC\Startup\startup_ch32f20x_D8C.s
   Uses
      At line 45 in file ..\..\SRC\Startup\startup_ch32f20x_D8C.s
      At line 160 in file ..\..\SRC\Startup\startup_ch32f20x_D8C.s

__Vectors_End 000001A0

Symbol: __Vectors_End
   Definitions
      At line 158 in file ..\..\SRC\Startup\startup_ch32f20x_D8C.s
   Uses
      At line 46 in file ..\..\SRC\Startup\startup_ch32f20x_D8C.s
      At line 160 in file ..\..\SRC\Startup\startup_ch32f20x_D8C.s

3 symbols



ARM Macro Assembler    Page 1 Alphabetic symbol ordering
Relocatable symbols

.text 00000000

Symbol: .text
   Definitions
      At line 162 in file ..\..\SRC\Startup\startup_ch32f20x_D8C.s
   Uses
      None
Comment: .text unused
ADC1_2_IRQHandler 0000001A

Symbol: ADC1_2_IRQHandler
   Definitions
      At line 329 in file ..\..\SRC\Startup\startup_ch32f20x_D8C.s
   Uses
      At line 87 in file ..\..\SRC\Startup\startup_ch32f20x_D8C.s
      At line 241 in file ..\..\SRC\Startup\startup_ch32f20x_D8C.s

BusFault_Handler 0000000E

Symbol: BusFault_Handler
   Definitions
      At line 194 in file ..\..\SRC\Startup\startup_ch32f20x_D8C.s
   Uses
      At line 54 in file ..\..\SRC\Startup\startup_ch32f20x_D8C.s
      At line 195 in file ..\..\SRC\Startup\startup_ch32f20x_D8C.s

CAN1_RX1_IRQHandler 0000001A

Symbol: CAN1_RX1_IRQHandler
   Definitions
      At line 332 in file ..\..\SRC\Startup\startup_ch32f20x_D8C.s
   Uses
      At line 90 in file ..\..\SRC\Startup\startup_ch32f20x_D8C.s
      At line 244 in file ..\..\SRC\Startup\startup_ch32f20x_D8C.s

CAN1_SCE_IRQHandler 0000001A

Symbol: CAN1_SCE_IRQHandler
   Definitions
      At line 333 in file ..\..\SRC\Startup\startup_ch32f20x_D8C.s
   Uses
      At line 91 in file ..\..\SRC\Startup\startup_ch32f20x_D8C.s
      At line 245 in file ..\..\SRC\Startup\startup_ch32f20x_D8C.s

CAN2_RX0_IRQHandler 0000001A

Symbol: CAN2_RX0_IRQHandler
   Definitions
      At line 374 in file ..\..\SRC\Startup\startup_ch32f20x_D8C.s
   Uses
      At line 133 in file ..\..\SRC\Startup\startup_ch32f20x_D8C.s
      At line 286 in file ..\..\SRC\Startup\startup_ch32f20x_D8C.s

CAN2_RX1_IRQHandler 0000001A

Symbol: CAN2_RX1_IRQHandler
   Definitions
      At line 375 in file ..\..\SRC\Startup\startup_ch32f20x_D8C.s
   Uses



ARM Macro Assembler    Page 2 Alphabetic symbol ordering
Relocatable symbols

      At line 134 in file ..\..\SRC\Startup\startup_ch32f20x_D8C.s
      At line 287 in file ..\..\SRC\Startup\startup_ch32f20x_D8C.s

CAN2_SCE_IRQHandler 0000001A

Symbol: CAN2_SCE_IRQHandler
   Definitions
      At line 376 in file ..\..\SRC\Startup\startup_ch32f20x_D8C.s
   Uses
      At line 135 in file ..\..\SRC\Startup\startup_ch32f20x_D8C.s
      At line 288 in file ..\..\SRC\Startup\startup_ch32f20x_D8C.s

CAN2_TX_IRQHandler 0000001A

Symbol: CAN2_TX_IRQHandler
   Definitions
      At line 373 in file ..\..\SRC\Startup\startup_ch32f20x_D8C.s
   Uses
      At line 132 in file ..\..\SRC\Startup\startup_ch32f20x_D8C.s
      At line 285 in file ..\..\SRC\Startup\startup_ch32f20x_D8C.s

DMA1_Channel1_IRQHandler 0000001A

Symbol: DMA1_Channel1_IRQHandler
   Definitions
      At line 322 in file ..\..\SRC\Startup\startup_ch32f20x_D8C.s
   Uses
      At line 80 in file ..\..\SRC\Startup\startup_ch32f20x_D8C.s
      At line 234 in file ..\..\SRC\Startup\startup_ch32f20x_D8C.s

DMA1_Channel2_IRQHandler 0000001A

Symbol: DMA1_Channel2_IRQHandler
   Definitions
      At line 323 in file ..\..\SRC\Startup\startup_ch32f20x_D8C.s
   Uses
      At line 81 in file ..\..\SRC\Startup\startup_ch32f20x_D8C.s
      At line 235 in file ..\..\SRC\Startup\startup_ch32f20x_D8C.s

DMA1_Channel3_IRQHandler 0000001A

Symbol: DMA1_Channel3_IRQHandler
   Definitions
      At line 324 in file ..\..\SRC\Startup\startup_ch32f20x_D8C.s
   Uses
      At line 82 in file ..\..\SRC\Startup\startup_ch32f20x_D8C.s
      At line 236 in file ..\..\SRC\Startup\startup_ch32f20x_D8C.s

DMA1_Channel4_IRQHandler 0000001A

Symbol: DMA1_Channel4_IRQHandler
   Definitions
      At line 325 in file ..\..\SRC\Startup\startup_ch32f20x_D8C.s
   Uses
      At line 83 in file ..\..\SRC\Startup\startup_ch32f20x_D8C.s
      At line 237 in file ..\..\SRC\Startup\startup_ch32f20x_D8C.s

DMA1_Channel5_IRQHandler 0000001A




ARM Macro Assembler    Page 3 Alphabetic symbol ordering
Relocatable symbols

Symbol: DMA1_Channel5_IRQHandler
   Definitions
      At line 326 in file ..\..\SRC\Startup\startup_ch32f20x_D8C.s
   Uses
      At line 84 in file ..\..\SRC\Startup\startup_ch32f20x_D8C.s
      At line 238 in file ..\..\SRC\Startup\startup_ch32f20x_D8C.s

DMA1_Channel6_IRQHandler 0000001A

Symbol: DMA1_Channel6_IRQHandler
   Definitions
      At line 327 in file ..\..\SRC\Startup\startup_ch32f20x_D8C.s
   Uses
      At line 85 in file ..\..\SRC\Startup\startup_ch32f20x_D8C.s
      At line 239 in file ..\..\SRC\Startup\startup_ch32f20x_D8C.s

DMA1_Channel7_IRQHandler 0000001A

Symbol: DMA1_Channel7_IRQHandler
   Definitions
      At line 328 in file ..\..\SRC\Startup\startup_ch32f20x_D8C.s
   Uses
      At line 86 in file ..\..\SRC\Startup\startup_ch32f20x_D8C.s
      At line 240 in file ..\..\SRC\Startup\startup_ch32f20x_D8C.s

DMA2_Channel10_IRQHandler 0000001A

Symbol: DMA2_Channel10_IRQHandler
   Definitions
      At line 396 in file ..\..\SRC\Startup\startup_ch32f20x_D8C.s
   Uses
      At line 155 in file ..\..\SRC\Startup\startup_ch32f20x_D8C.s
      At line 308 in file ..\..\SRC\Startup\startup_ch32f20x_D8C.s

DMA2_Channel11_IRQHandler 0000001A

Symbol: DMA2_Channel11_IRQHandler
   Definitions
      At line 397 in file ..\..\SRC\Startup\startup_ch32f20x_D8C.s
   Uses
      At line 156 in file ..\..\SRC\Startup\startup_ch32f20x_D8C.s
      At line 309 in file ..\..\SRC\Startup\startup_ch32f20x_D8C.s

DMA2_Channel1_IRQHandler 0000001A

Symbol: DMA2_Channel1_IRQHandler
   Definitions
      At line 366 in file ..\..\SRC\Startup\startup_ch32f20x_D8C.s
   Uses
      At line 125 in file ..\..\SRC\Startup\startup_ch32f20x_D8C.s
      At line 278 in file ..\..\SRC\Startup\startup_ch32f20x_D8C.s

DMA2_Channel2_IRQHandler 0000001A

Symbol: DMA2_Channel2_IRQHandler
   Definitions
      At line 367 in file ..\..\SRC\Startup\startup_ch32f20x_D8C.s
   Uses
      At line 126 in file ..\..\SRC\Startup\startup_ch32f20x_D8C.s



ARM Macro Assembler    Page 4 Alphabetic symbol ordering
Relocatable symbols

      At line 279 in file ..\..\SRC\Startup\startup_ch32f20x_D8C.s

DMA2_Channel3_IRQHandler 0000001A

Symbol: DMA2_Channel3_IRQHandler
   Definitions
      At line 368 in file ..\..\SRC\Startup\startup_ch32f20x_D8C.s
   Uses
      At line 127 in file ..\..\SRC\Startup\startup_ch32f20x_D8C.s
      At line 280 in file ..\..\SRC\Startup\startup_ch32f20x_D8C.s

DMA2_Channel4_IRQHandler 0000001A

Symbol: DMA2_Channel4_IRQHandler
   Definitions
      At line 369 in file ..\..\SRC\Startup\startup_ch32f20x_D8C.s
   Uses
      At line 128 in file ..\..\SRC\Startup\startup_ch32f20x_D8C.s
      At line 281 in file ..\..\SRC\Startup\startup_ch32f20x_D8C.s

DMA2_Channel5_IRQHandler 0000001A

Symbol: DMA2_Channel5_IRQHandler
   Definitions
      At line 370 in file ..\..\SRC\Startup\startup_ch32f20x_D8C.s
   Uses
      At line 129 in file ..\..\SRC\Startup\startup_ch32f20x_D8C.s
      At line 282 in file ..\..\SRC\Startup\startup_ch32f20x_D8C.s

DMA2_Channel6_IRQHandler 0000001A

Symbol: DMA2_Channel6_IRQHandler
   Definitions
      At line 392 in file ..\..\SRC\Startup\startup_ch32f20x_D8C.s
   Uses
      At line 151 in file ..\..\SRC\Startup\startup_ch32f20x_D8C.s
      At line 304 in file ..\..\SRC\Startup\startup_ch32f20x_D8C.s

DMA2_Channel7_IRQHandler 0000001A

Symbol: DMA2_Channel7_IRQHandler
   Definitions
      At line 393 in file ..\..\SRC\Startup\startup_ch32f20x_D8C.s
   Uses
      At line 152 in file ..\..\SRC\Startup\startup_ch32f20x_D8C.s
      At line 305 in file ..\..\SRC\Startup\startup_ch32f20x_D8C.s

DMA2_Channel8_IRQHandler 0000001A

Symbol: DMA2_Channel8_IRQHandler
   Definitions
      At line 394 in file ..\..\SRC\Startup\startup_ch32f20x_D8C.s
   Uses
      At line 153 in file ..\..\SRC\Startup\startup_ch32f20x_D8C.s
      At line 306 in file ..\..\SRC\Startup\startup_ch32f20x_D8C.s

DMA2_Channel9_IRQHandler 0000001A

Symbol: DMA2_Channel9_IRQHandler



ARM Macro Assembler    Page 5 Alphabetic symbol ordering
Relocatable symbols

   Definitions
      At line 395 in file ..\..\SRC\Startup\startup_ch32f20x_D8C.s
   Uses
      At line 154 in file ..\..\SRC\Startup\startup_ch32f20x_D8C.s
      At line 307 in file ..\..\SRC\Startup\startup_ch32f20x_D8C.s

DVP_IRQHandler 0000001A

Symbol: DVP_IRQHandler
   Definitions
      At line 380 in file ..\..\SRC\Startup\startup_ch32f20x_D8C.s
   Uses
      At line 139 in file ..\..\SRC\Startup\startup_ch32f20x_D8C.s
      At line 292 in file ..\..\SRC\Startup\startup_ch32f20x_D8C.s

DebugMon_Handler 00000014

Symbol: DebugMon_Handler
   Definitions
      At line 208 in file ..\..\SRC\Startup\startup_ch32f20x_D8C.s
   Uses
      At line 61 in file ..\..\SRC\Startup\startup_ch32f20x_D8C.s
      At line 209 in file ..\..\SRC\Startup\startup_ch32f20x_D8C.s

Default_Handler 0000001A

Symbol: Default_Handler
   Definitions
      At line 221 in file ..\..\SRC\Startup\startup_ch32f20x_D8C.s
   Uses
      None
Comment: Default_Handler unused
ETH_IRQHandler 0000001A

Symbol: ETH_IRQHandler
   Definitions
      At line 371 in file ..\..\SRC\Startup\startup_ch32f20x_D8C.s
   Uses
      At line 130 in file ..\..\SRC\Startup\startup_ch32f20x_D8C.s
      At line 283 in file ..\..\SRC\Startup\startup_ch32f20x_D8C.s

ETH_WKUP_IRQHandler 0000001A

Symbol: ETH_WKUP_IRQHandler
   Definitions
      At line 372 in file ..\..\SRC\Startup\startup_ch32f20x_D8C.s
   Uses
      At line 131 in file ..\..\SRC\Startup\startup_ch32f20x_D8C.s
      At line 284 in file ..\..\SRC\Startup\startup_ch32f20x_D8C.s

EXTI0_IRQHandler 0000001A

Symbol: EXTI0_IRQHandler
   Definitions
      At line 317 in file ..\..\SRC\Startup\startup_ch32f20x_D8C.s
   Uses
      At line 75 in file ..\..\SRC\Startup\startup_ch32f20x_D8C.s
      At line 229 in file ..\..\SRC\Startup\startup_ch32f20x_D8C.s




ARM Macro Assembler    Page 6 Alphabetic symbol ordering
Relocatable symbols

EXTI15_10_IRQHandler 0000001A

Symbol: EXTI15_10_IRQHandler
   Definitions
      At line 351 in file ..\..\SRC\Startup\startup_ch32f20x_D8C.s
   Uses
      At line 109 in file ..\..\SRC\Startup\startup_ch32f20x_D8C.s
      At line 263 in file ..\..\SRC\Startup\startup_ch32f20x_D8C.s

EXTI1_IRQHandler 0000001A

Symbol: EXTI1_IRQHandler
   Definitions
      At line 318 in file ..\..\SRC\Startup\startup_ch32f20x_D8C.s
   Uses
      At line 76 in file ..\..\SRC\Startup\startup_ch32f20x_D8C.s
      At line 230 in file ..\..\SRC\Startup\startup_ch32f20x_D8C.s

EXTI2_IRQHandler 0000001A

Symbol: EXTI2_IRQHandler
   Definitions
      At line 319 in file ..\..\SRC\Startup\startup_ch32f20x_D8C.s
   Uses
      At line 77 in file ..\..\SRC\Startup\startup_ch32f20x_D8C.s
      At line 231 in file ..\..\SRC\Startup\startup_ch32f20x_D8C.s

EXTI3_IRQHandler 0000001A

Symbol: EXTI3_IRQHandler
   Definitions
      At line 320 in file ..\..\SRC\Startup\startup_ch32f20x_D8C.s
   Uses
      At line 78 in file ..\..\SRC\Startup\startup_ch32f20x_D8C.s
      At line 232 in file ..\..\SRC\Startup\startup_ch32f20x_D8C.s

EXTI4_IRQHandler 0000001A

Symbol: EXTI4_IRQHandler
   Definitions
      At line 321 in file ..\..\SRC\Startup\startup_ch32f20x_D8C.s
   Uses
      At line 79 in file ..\..\SRC\Startup\startup_ch32f20x_D8C.s
      At line 233 in file ..\..\SRC\Startup\startup_ch32f20x_D8C.s

EXTI9_5_IRQHandler 0000001A

Symbol: EXTI9_5_IRQHandler
   Definitions
      At line 334 in file ..\..\SRC\Startup\startup_ch32f20x_D8C.s
   Uses
      At line 92 in file ..\..\SRC\Startup\startup_ch32f20x_D8C.s
      At line 246 in file ..\..\SRC\Startup\startup_ch32f20x_D8C.s

FLASH_IRQHandler 0000001A

Symbol: FLASH_IRQHandler
   Definitions
      At line 315 in file ..\..\SRC\Startup\startup_ch32f20x_D8C.s



ARM Macro Assembler    Page 7 Alphabetic symbol ordering
Relocatable symbols

   Uses
      At line 73 in file ..\..\SRC\Startup\startup_ch32f20x_D8C.s
      At line 227 in file ..\..\SRC\Startup\startup_ch32f20x_D8C.s

FSMC_IRQHandler 0000001A

Symbol: FSMC_IRQHandler
   Definitions
      At line 358 in file ..\..\SRC\Startup\startup_ch32f20x_D8C.s
   Uses
      At line 117 in file ..\..\SRC\Startup\startup_ch32f20x_D8C.s
      At line 270 in file ..\..\SRC\Startup\startup_ch32f20x_D8C.s

HardFault_Handler 0000000A

Symbol: HardFault_Handler
   Definitions
      At line 184 in file ..\..\SRC\Startup\startup_ch32f20x_D8C.s
   Uses
      At line 52 in file ..\..\SRC\Startup\startup_ch32f20x_D8C.s
      At line 185 in file ..\..\SRC\Startup\startup_ch32f20x_D8C.s

I2C1_ER_IRQHandler 0000001A

Symbol: I2C1_ER_IRQHandler
   Definitions
      At line 343 in file ..\..\SRC\Startup\startup_ch32f20x_D8C.s
   Uses
      At line 101 in file ..\..\SRC\Startup\startup_ch32f20x_D8C.s
      At line 255 in file ..\..\SRC\Startup\startup_ch32f20x_D8C.s

I2C1_EV_IRQHandler 0000001A

Symbol: I2C1_EV_IRQHandler
   Definitions
      At line 342 in file ..\..\SRC\Startup\startup_ch32f20x_D8C.s
   Uses
      At line 100 in file ..\..\SRC\Startup\startup_ch32f20x_D8C.s
      At line 254 in file ..\..\SRC\Startup\startup_ch32f20x_D8C.s

I2C2_ER_IRQHandler 0000001A

Symbol: I2C2_ER_IRQHandler
   Definitions
      At line 345 in file ..\..\SRC\Startup\startup_ch32f20x_D8C.s
   Uses
      At line 103 in file ..\..\SRC\Startup\startup_ch32f20x_D8C.s
      At line 257 in file ..\..\SRC\Startup\startup_ch32f20x_D8C.s

I2C2_EV_IRQHandler 0000001A

Symbol: I2C2_EV_IRQHandler
   Definitions
      At line 344 in file ..\..\SRC\Startup\startup_ch32f20x_D8C.s
   Uses
      At line 102 in file ..\..\SRC\Startup\startup_ch32f20x_D8C.s
      At line 256 in file ..\..\SRC\Startup\startup_ch32f20x_D8C.s

MemManage_Handler 0000000C



ARM Macro Assembler    Page 8 Alphabetic symbol ordering
Relocatable symbols


Symbol: MemManage_Handler
   Definitions
      At line 189 in file ..\..\SRC\Startup\startup_ch32f20x_D8C.s
   Uses
      At line 53 in file ..\..\SRC\Startup\startup_ch32f20x_D8C.s
      At line 190 in file ..\..\SRC\Startup\startup_ch32f20x_D8C.s

NMI_Handler 00000008

Symbol: NMI_Handler
   Definitions
      At line 179 in file ..\..\SRC\Startup\startup_ch32f20x_D8C.s
   Uses
      At line 51 in file ..\..\SRC\Startup\startup_ch32f20x_D8C.s
      At line 180 in file ..\..\SRC\Startup\startup_ch32f20x_D8C.s

OTG_FS_IRQHandler 0000001A

Symbol: OTG_FS_IRQHandler
   Definitions
      At line 377 in file ..\..\SRC\Startup\startup_ch32f20x_D8C.s
   Uses
      At line 136 in file ..\..\SRC\Startup\startup_ch32f20x_D8C.s
      At line 289 in file ..\..\SRC\Startup\startup_ch32f20x_D8C.s

PVD_IRQHandler 0000001A

Symbol: PVD_IRQHandler
   Definitions
      At line 312 in file ..\..\SRC\Startup\startup_ch32f20x_D8C.s
   Uses
      At line 70 in file ..\..\SRC\Startup\startup_ch32f20x_D8C.s
      At line 224 in file ..\..\SRC\Startup\startup_ch32f20x_D8C.s

PendSV_Handler 00000016

Symbol: PendSV_Handler
   Definitions
      At line 212 in file ..\..\SRC\Startup\startup_ch32f20x_D8C.s
   Uses
      At line 63 in file ..\..\SRC\Startup\startup_ch32f20x_D8C.s
      At line 213 in file ..\..\SRC\Startup\startup_ch32f20x_D8C.s

RCC_IRQHandler 0000001A

Symbol: RCC_IRQHandler
   Definitions
      At line 316 in file ..\..\SRC\Startup\startup_ch32f20x_D8C.s
   Uses
      At line 74 in file ..\..\SRC\Startup\startup_ch32f20x_D8C.s
      At line 228 in file ..\..\SRC\Startup\startup_ch32f20x_D8C.s

RNG_IRQHandler 0000001A

Symbol: RNG_IRQHandler
   Definitions
      At line 357 in file ..\..\SRC\Startup\startup_ch32f20x_D8C.s
   Uses



ARM Macro Assembler    Page 9 Alphabetic symbol ordering
Relocatable symbols

      At line 116 in file ..\..\SRC\Startup\startup_ch32f20x_D8C.s
      At line 269 in file ..\..\SRC\Startup\startup_ch32f20x_D8C.s

RTCAlarm_IRQHandler 0000001A

Symbol: RTCAlarm_IRQHandler
   Definitions
      At line 352 in file ..\..\SRC\Startup\startup_ch32f20x_D8C.s
   Uses
      At line 110 in file ..\..\SRC\Startup\startup_ch32f20x_D8C.s
      At line 264 in file ..\..\SRC\Startup\startup_ch32f20x_D8C.s

RTC_IRQHandler 0000001A

Symbol: RTC_IRQHandler
   Definitions
      At line 314 in file ..\..\SRC\Startup\startup_ch32f20x_D8C.s
   Uses
      At line 72 in file ..\..\SRC\Startup\startup_ch32f20x_D8C.s
      At line 226 in file ..\..\SRC\Startup\startup_ch32f20x_D8C.s

Reset_Handler 00000000

Symbol: Reset_Handler
   Definitions
      At line 166 in file ..\..\SRC\Startup\startup_ch32f20x_D8C.s
   Uses
      At line 50 in file ..\..\SRC\Startup\startup_ch32f20x_D8C.s
      At line 167 in file ..\..\SRC\Startup\startup_ch32f20x_D8C.s

SDIO_IRQHandler 0000001A

Symbol: SDIO_IRQHandler
   Definitions
      At line 359 in file ..\..\SRC\Startup\startup_ch32f20x_D8C.s
   Uses
      At line 118 in file ..\..\SRC\Startup\startup_ch32f20x_D8C.s
      At line 271 in file ..\..\SRC\Startup\startup_ch32f20x_D8C.s

SPI1_IRQHandler 0000001A

Symbol: SPI1_IRQHandler
   Definitions
      At line 346 in file ..\..\SRC\Startup\startup_ch32f20x_D8C.s
   Uses
      At line 104 in file ..\..\SRC\Startup\startup_ch32f20x_D8C.s
      At line 258 in file ..\..\SRC\Startup\startup_ch32f20x_D8C.s

SPI2_IRQHandler 0000001A

Symbol: SPI2_IRQHandler
   Definitions
      At line 347 in file ..\..\SRC\Startup\startup_ch32f20x_D8C.s
   Uses
      At line 105 in file ..\..\SRC\Startup\startup_ch32f20x_D8C.s
      At line 259 in file ..\..\SRC\Startup\startup_ch32f20x_D8C.s

SPI3_IRQHandler 0000001A




ARM Macro Assembler    Page 10 Alphabetic symbol ordering
Relocatable symbols

Symbol: SPI3_IRQHandler
   Definitions
      At line 361 in file ..\..\SRC\Startup\startup_ch32f20x_D8C.s
   Uses
      At line 120 in file ..\..\SRC\Startup\startup_ch32f20x_D8C.s
      At line 273 in file ..\..\SRC\Startup\startup_ch32f20x_D8C.s

SVC_Handler 00000012

Symbol: SVC_Handler
   Definitions
      At line 203 in file ..\..\SRC\Startup\startup_ch32f20x_D8C.s
   Uses
      At line 60 in file ..\..\SRC\Startup\startup_ch32f20x_D8C.s
      At line 204 in file ..\..\SRC\Startup\startup_ch32f20x_D8C.s

SysTick_Handler 00000018

Symbol: SysTick_Handler
   Definitions
      At line 216 in file ..\..\SRC\Startup\startup_ch32f20x_D8C.s
   Uses
      At line 64 in file ..\..\SRC\Startup\startup_ch32f20x_D8C.s
      At line 217 in file ..\..\SRC\Startup\startup_ch32f20x_D8C.s

TAMPER_IRQHandler 0000001A

Symbol: TAMPER_IRQHandler
   Definitions
      At line 313 in file ..\..\SRC\Startup\startup_ch32f20x_D8C.s
   Uses
      At line 71 in file ..\..\SRC\Startup\startup_ch32f20x_D8C.s
      At line 225 in file ..\..\SRC\Startup\startup_ch32f20x_D8C.s

TIM10_BRK_IRQHandler 0000001A

Symbol: TIM10_BRK_IRQHandler
   Definitions
      At line 388 in file ..\..\SRC\Startup\startup_ch32f20x_D8C.s
   Uses
      At line 147 in file ..\..\SRC\Startup\startup_ch32f20x_D8C.s
      At line 300 in file ..\..\SRC\Startup\startup_ch32f20x_D8C.s

TIM10_CC_IRQHandler 0000001A

Symbol: TIM10_CC_IRQHandler
   Definitions
      At line 391 in file ..\..\SRC\Startup\startup_ch32f20x_D8C.s
   Uses
      At line 150 in file ..\..\SRC\Startup\startup_ch32f20x_D8C.s
      At line 303 in file ..\..\SRC\Startup\startup_ch32f20x_D8C.s

TIM10_TRG_COM_IRQHandler 0000001A

Symbol: TIM10_TRG_COM_IRQHandler
   Definitions
      At line 390 in file ..\..\SRC\Startup\startup_ch32f20x_D8C.s
   Uses
      At line 149 in file ..\..\SRC\Startup\startup_ch32f20x_D8C.s



ARM Macro Assembler    Page 11 Alphabetic symbol ordering
Relocatable symbols

      At line 302 in file ..\..\SRC\Startup\startup_ch32f20x_D8C.s

TIM10_UP_IRQHandler 0000001A

Symbol: TIM10_UP_IRQHandler
   Definitions
      At line 389 in file ..\..\SRC\Startup\startup_ch32f20x_D8C.s
   Uses
      At line 148 in file ..\..\SRC\Startup\startup_ch32f20x_D8C.s
      At line 301 in file ..\..\SRC\Startup\startup_ch32f20x_D8C.s

TIM1_BRK_IRQHandler 0000001A

Symbol: TIM1_BRK_IRQHandler
   Definitions
      At line 335 in file ..\..\SRC\Startup\startup_ch32f20x_D8C.s
   Uses
      At line 93 in file ..\..\SRC\Startup\startup_ch32f20x_D8C.s
      At line 247 in file ..\..\SRC\Startup\startup_ch32f20x_D8C.s

TIM1_CC_IRQHandler 0000001A

Symbol: TIM1_CC_IRQHandler
   Definitions
      At line 338 in file ..\..\SRC\Startup\startup_ch32f20x_D8C.s
   Uses
      At line 96 in file ..\..\SRC\Startup\startup_ch32f20x_D8C.s
      At line 250 in file ..\..\SRC\Startup\startup_ch32f20x_D8C.s

TIM1_TRG_COM_IRQHandler 0000001A

Symbol: TIM1_TRG_COM_IRQHandler
   Definitions
      At line 337 in file ..\..\SRC\Startup\startup_ch32f20x_D8C.s
   Uses
      At line 95 in file ..\..\SRC\Startup\startup_ch32f20x_D8C.s
      At line 249 in file ..\..\SRC\Startup\startup_ch32f20x_D8C.s

TIM1_UP_IRQHandler 0000001A

Symbol: TIM1_UP_IRQHandler
   Definitions
      At line 336 in file ..\..\SRC\Startup\startup_ch32f20x_D8C.s
   Uses
      At line 94 in file ..\..\SRC\Startup\startup_ch32f20x_D8C.s
      At line 248 in file ..\..\SRC\Startup\startup_ch32f20x_D8C.s

TIM2_IRQHandler 0000001A

Symbol: TIM2_IRQHandler
   Definitions
      At line 339 in file ..\..\SRC\Startup\startup_ch32f20x_D8C.s
   Uses
      At line 97 in file ..\..\SRC\Startup\startup_ch32f20x_D8C.s
      At line 251 in file ..\..\SRC\Startup\startup_ch32f20x_D8C.s

TIM3_IRQHandler 0000001A

Symbol: TIM3_IRQHandler



ARM Macro Assembler    Page 12 Alphabetic symbol ordering
Relocatable symbols

   Definitions
      At line 340 in file ..\..\SRC\Startup\startup_ch32f20x_D8C.s
   Uses
      At line 98 in file ..\..\SRC\Startup\startup_ch32f20x_D8C.s
      At line 252 in file ..\..\SRC\Startup\startup_ch32f20x_D8C.s

TIM4_IRQHandler 0000001A

Symbol: TIM4_IRQHandler
   Definitions
      At line 341 in file ..\..\SRC\Startup\startup_ch32f20x_D8C.s
   Uses
      At line 99 in file ..\..\SRC\Startup\startup_ch32f20x_D8C.s
      At line 253 in file ..\..\SRC\Startup\startup_ch32f20x_D8C.s

TIM5_IRQHandler 0000001A

Symbol: TIM5_IRQHandler
   Definitions
      At line 360 in file ..\..\SRC\Startup\startup_ch32f20x_D8C.s
   Uses
      At line 119 in file ..\..\SRC\Startup\startup_ch32f20x_D8C.s
      At line 272 in file ..\..\SRC\Startup\startup_ch32f20x_D8C.s

TIM6_IRQHandler 0000001A

Symbol: TIM6_IRQHandler
   Definitions
      At line 364 in file ..\..\SRC\Startup\startup_ch32f20x_D8C.s
   Uses
      At line 123 in file ..\..\SRC\Startup\startup_ch32f20x_D8C.s
      At line 276 in file ..\..\SRC\Startup\startup_ch32f20x_D8C.s

TIM7_IRQHandler 0000001A

Symbol: TIM7_IRQHandler
   Definitions
      At line 365 in file ..\..\SRC\Startup\startup_ch32f20x_D8C.s
   Uses
      At line 124 in file ..\..\SRC\Startup\startup_ch32f20x_D8C.s
      At line 277 in file ..\..\SRC\Startup\startup_ch32f20x_D8C.s

TIM8_BRK_IRQHandler 0000001A

Symbol: TIM8_BRK_IRQHandler
   Definitions
      At line 353 in file ..\..\SRC\Startup\startup_ch32f20x_D8C.s
   Uses
      At line 112 in file ..\..\SRC\Startup\startup_ch32f20x_D8C.s
      At line 265 in file ..\..\SRC\Startup\startup_ch32f20x_D8C.s

TIM8_CC_IRQHandler 0000001A

Symbol: TIM8_CC_IRQHandler
   Definitions
      At line 356 in file ..\..\SRC\Startup\startup_ch32f20x_D8C.s
   Uses
      At line 115 in file ..\..\SRC\Startup\startup_ch32f20x_D8C.s
      At line 268 in file ..\..\SRC\Startup\startup_ch32f20x_D8C.s



ARM Macro Assembler    Page 13 Alphabetic symbol ordering
Relocatable symbols


TIM8_TRG_COM_IRQHandler 0000001A

Symbol: TIM8_TRG_COM_IRQHandler
   Definitions
      At line 355 in file ..\..\SRC\Startup\startup_ch32f20x_D8C.s
   Uses
      At line 114 in file ..\..\SRC\Startup\startup_ch32f20x_D8C.s
      At line 267 in file ..\..\SRC\Startup\startup_ch32f20x_D8C.s

TIM8_UP_IRQHandler 0000001A

Symbol: TIM8_UP_IRQHandler
   Definitions
      At line 354 in file ..\..\SRC\Startup\startup_ch32f20x_D8C.s
   Uses
      At line 113 in file ..\..\SRC\Startup\startup_ch32f20x_D8C.s
      At line 266 in file ..\..\SRC\Startup\startup_ch32f20x_D8C.s

TIM9_BRK_IRQHandler 0000001A

Symbol: TIM9_BRK_IRQHandler
   Definitions
      At line 384 in file ..\..\SRC\Startup\startup_ch32f20x_D8C.s
   Uses
      At line 143 in file ..\..\SRC\Startup\startup_ch32f20x_D8C.s
      At line 296 in file ..\..\SRC\Startup\startup_ch32f20x_D8C.s

TIM9_CC_IRQHandler 0000001A

Symbol: TIM9_CC_IRQHandler
   Definitions
      At line 387 in file ..\..\SRC\Startup\startup_ch32f20x_D8C.s
   Uses
      At line 146 in file ..\..\SRC\Startup\startup_ch32f20x_D8C.s
      At line 299 in file ..\..\SRC\Startup\startup_ch32f20x_D8C.s

TIM9_TRG_COM_IRQHandler 0000001A

Symbol: TIM9_TRG_COM_IRQHandler
   Definitions
      At line 386 in file ..\..\SRC\Startup\startup_ch32f20x_D8C.s
   Uses
      At line 145 in file ..\..\SRC\Startup\startup_ch32f20x_D8C.s
      At line 298 in file ..\..\SRC\Startup\startup_ch32f20x_D8C.s

TIM9_UP_IRQHandler 0000001A

Symbol: TIM9_UP_IRQHandler
   Definitions
      At line 385 in file ..\..\SRC\Startup\startup_ch32f20x_D8C.s
   Uses
      At line 144 in file ..\..\SRC\Startup\startup_ch32f20x_D8C.s
      At line 297 in file ..\..\SRC\Startup\startup_ch32f20x_D8C.s

UART4_IRQHandler 0000001A

Symbol: UART4_IRQHandler
   Definitions



ARM Macro Assembler    Page 14 Alphabetic symbol ordering
Relocatable symbols

      At line 362 in file ..\..\SRC\Startup\startup_ch32f20x_D8C.s
   Uses
      At line 121 in file ..\..\SRC\Startup\startup_ch32f20x_D8C.s
      At line 274 in file ..\..\SRC\Startup\startup_ch32f20x_D8C.s

UART5_IRQHandler 0000001A

Symbol: UART5_IRQHandler
   Definitions
      At line 363 in file ..\..\SRC\Startup\startup_ch32f20x_D8C.s
   Uses
      At line 122 in file ..\..\SRC\Startup\startup_ch32f20x_D8C.s
      At line 275 in file ..\..\SRC\Startup\startup_ch32f20x_D8C.s

UART6_IRQHandler 0000001A

Symbol: UART6_IRQHandler
   Definitions
      At line 381 in file ..\..\SRC\Startup\startup_ch32f20x_D8C.s
   Uses
      At line 140 in file ..\..\SRC\Startup\startup_ch32f20x_D8C.s
      At line 293 in file ..\..\SRC\Startup\startup_ch32f20x_D8C.s

UART7_IRQHandler 0000001A

Symbol: UART7_IRQHandler
   Definitions
      At line 382 in file ..\..\SRC\Startup\startup_ch32f20x_D8C.s
   Uses
      At line 141 in file ..\..\SRC\Startup\startup_ch32f20x_D8C.s
      At line 294 in file ..\..\SRC\Startup\startup_ch32f20x_D8C.s

UART8_IRQHandler 0000001A

Symbol: UART8_IRQHandler
   Definitions
      At line 383 in file ..\..\SRC\Startup\startup_ch32f20x_D8C.s
   Uses
      At line 142 in file ..\..\SRC\Startup\startup_ch32f20x_D8C.s
      At line 295 in file ..\..\SRC\Startup\startup_ch32f20x_D8C.s

USART1_IRQHandler 0000001A

Symbol: USART1_IRQHandler
   Definitions
      At line 348 in file ..\..\SRC\Startup\startup_ch32f20x_D8C.s
   Uses
      At line 106 in file ..\..\SRC\Startup\startup_ch32f20x_D8C.s
      At line 260 in file ..\..\SRC\Startup\startup_ch32f20x_D8C.s

USART2_IRQHandler 0000001A

Symbol: USART2_IRQHandler
   Definitions
      At line 349 in file ..\..\SRC\Startup\startup_ch32f20x_D8C.s
   Uses
      At line 107 in file ..\..\SRC\Startup\startup_ch32f20x_D8C.s
      At line 261 in file ..\..\SRC\Startup\startup_ch32f20x_D8C.s




ARM Macro Assembler    Page 15 Alphabetic symbol ordering
Relocatable symbols

USART3_IRQHandler 0000001A

Symbol: USART3_IRQHandler
   Definitions
      At line 350 in file ..\..\SRC\Startup\startup_ch32f20x_D8C.s
   Uses
      At line 108 in file ..\..\SRC\Startup\startup_ch32f20x_D8C.s
      At line 262 in file ..\..\SRC\Startup\startup_ch32f20x_D8C.s

USBHSWakeup_IRQHandler 0000001A

Symbol: USBHSWakeup_IRQHandler
   Definitions
      At line 378 in file ..\..\SRC\Startup\startup_ch32f20x_D8C.s
   Uses
      At line 137 in file ..\..\SRC\Startup\startup_ch32f20x_D8C.s
      At line 290 in file ..\..\SRC\Startup\startup_ch32f20x_D8C.s

USBHS_IRQHandler 0000001A

Symbol: USBHS_IRQHandler
   Definitions
      At line 379 in file ..\..\SRC\Startup\startup_ch32f20x_D8C.s
   Uses
      At line 138 in file ..\..\SRC\Startup\startup_ch32f20x_D8C.s
      At line 291 in file ..\..\SRC\Startup\startup_ch32f20x_D8C.s

USB_HP_CAN1_TX_IRQHandler 0000001A

Symbol: USB_HP_CAN1_TX_IRQHandler
   Definitions
      At line 330 in file ..\..\SRC\Startup\startup_ch32f20x_D8C.s
   Uses
      At line 88 in file ..\..\SRC\Startup\startup_ch32f20x_D8C.s
      At line 242 in file ..\..\SRC\Startup\startup_ch32f20x_D8C.s

USB_LP_CAN1_RX0_IRQHandler 0000001A

Symbol: USB_LP_CAN1_RX0_IRQHandler
   Definitions
      At line 331 in file ..\..\SRC\Startup\startup_ch32f20x_D8C.s
   Uses
      At line 89 in file ..\..\SRC\Startup\startup_ch32f20x_D8C.s
      At line 243 in file ..\..\SRC\Startup\startup_ch32f20x_D8C.s

UsageFault_Handler 00000010

Symbol: UsageFault_Handler
   Definitions
      At line 199 in file ..\..\SRC\Startup\startup_ch32f20x_D8C.s
   Uses
      At line 55 in file ..\..\SRC\Startup\startup_ch32f20x_D8C.s
      At line 200 in file ..\..\SRC\Startup\startup_ch32f20x_D8C.s

WWDG_IRQHandler 0000001A

Symbol: WWDG_IRQHandler
   Definitions
      At line 311 in file ..\..\SRC\Startup\startup_ch32f20x_D8C.s



ARM Macro Assembler    Page 16 Alphabetic symbol ordering
Relocatable symbols

   Uses
      At line 69 in file ..\..\SRC\Startup\startup_ch32f20x_D8C.s
      At line 223 in file ..\..\SRC\Startup\startup_ch32f20x_D8C.s

__user_initial_stackheap 0000001C

Symbol: __user_initial_stackheap
   Definitions
      At line 419 in file ..\..\SRC\Startup\startup_ch32f20x_D8C.s
   Uses
      At line 417 in file ..\..\SRC\Startup\startup_ch32f20x_D8C.s
Comment: __user_initial_stackheap used once
100 symbols



ARM Macro Assembler    Page 1 Alphabetic symbol ordering
Absolute symbols

Heap_Size 00000200

Symbol: Heap_Size
   Definitions
      At line 31 in file ..\..\SRC\Startup\startup_ch32f20x_D8C.s
   Uses
      At line 35 in file ..\..\SRC\Startup\startup_ch32f20x_D8C.s
      At line 423 in file ..\..\SRC\Startup\startup_ch32f20x_D8C.s

Stack_Size 00000400

Symbol: Stack_Size
   Definitions
      At line 20 in file ..\..\SRC\Startup\startup_ch32f20x_D8C.s
   Uses
      At line 23 in file ..\..\SRC\Startup\startup_ch32f20x_D8C.s
      At line 422 in file ..\..\SRC\Startup\startup_ch32f20x_D8C.s

__Vectors_Size 000001A0

Symbol: __Vectors_Size
   Definitions
      At line 160 in file ..\..\SRC\Startup\startup_ch32f20x_D8C.s
   Uses
      At line 47 in file ..\..\SRC\Startup\startup_ch32f20x_D8C.s
Comment: __Vectors_Size used once
3 symbols



ARM Macro Assembler    Page 1 Alphabetic symbol ordering
External symbols

SystemInit 00000000

Symbol: SystemInit
   Definitions
      At line 169 in file ..\..\SRC\Startup\startup_ch32f20x_D8C.s
   Uses
      At line 170 in file ..\..\SRC\Startup\startup_ch32f20x_D8C.s
Comment: SystemInit used once
__main 00000000

Symbol: __main
   Definitions
      At line 168 in file ..\..\SRC\Startup\startup_ch32f20x_D8C.s
   Uses
      At line 172 in file ..\..\SRC\Startup\startup_ch32f20x_D8C.s
Comment: __main used once
__use_two_region_memory 00000000

Symbol: __use_two_region_memory
   Definitions
      At line 416 in file ..\..\SRC\Startup\startup_ch32f20x_D8C.s
   Uses
      None
Comment: __use_two_region_memory unused
3 symbols
451 symbols in table
