


ARM Macro Assembler    Page 1 


    1 00000000         ;/********************************** (C) COPYRIGHT *****
                       **************************
    2 00000000         ;* File Name          : startup_ch32f20x_D8W.s
    3 00000000         ;* Author             : WCH
    4 00000000         ;* Version            : V1.0.0
    5 00000000         ;* Date               : 2021/08/08
    6 00000000         ;* Description        : CH32F208x vector table for MDK-A
                       RM toolchain.
    7 00000000         ;*******************************************************
                       **************************
    8 00000000         ;* Copyright (c) 2021 Nanjing Qinheng Microelectronics C
                       o., Ltd.
    9 00000000         ;* Attention: This software (modified or not) and binary
                        are used for 
   10 00000000         ;* microcontroller manufactured by Nanjing Qinheng Micro
                       electronics.
   11 00000000         ;*******************************************************
                       ************************/
   12 00000000         
   13 00000000         ;/******************************************************
                       *************************
   14 00000000         ; Amount of memory (in bytes) allocated for Stack
   15 00000000         ; Tailor this value to your application needs
   16 00000000         ; <h> Stack Configuration
   17 00000000         ;   <o> Stack Size (in Bytes) <0x0-0xFFFFFFFF:8>
   18 00000000         ; </h>
   19 00000000         ;*******************************************************
                       ************************/
   20 00000000 00000400 
                       Stack_Size
                               EQU              0x00000400
   21 00000000         
   22 00000000                 AREA             STACK, NOINIT, READWRITE, ALIGN
=3
   23 00000000         Stack_Mem
                               SPACE            Stack_Size
   24 00000400         __initial_sp
   25 00000400         
   26 00000400         ;/******************************************************
                       *************************
   27 00000400         ; <h> Heap Configuration
   28 00000400         ;   <o>  Heap Size (in Bytes) <0x0-0xFFFFFFFF:8>
   29 00000400         ; </h>
   30 00000400         ;*******************************************************
                       ************************/
   31 00000400 00000200 
                       Heap_Size
                               EQU              0x00000200
   32 00000400         
   33 00000400                 AREA             HEAP, NOINIT, READWRITE, ALIGN=
3
   34 00000000         __heap_base
   35 00000000         Heap_Mem
                               SPACE            Heap_Size
   36 00000200         __heap_limit
   37 00000200         
   38 00000200                 PRESERVE8
   39 00000200                 THUMB
   40 00000200         



ARM Macro Assembler    Page 2 


   41 00000200         ;/******************************************************
                       *************************
   42 00000200         ; Vector Table Mapped to Address 0 at Reset
   43 00000200         ;*******************************************************
                       ************************/
   44 00000200                 AREA             RESET, DATA, READONLY
   45 00000000                 EXPORT           __Vectors
   46 00000000                 EXPORT           __Vectors_End
   47 00000000                 EXPORT           __Vectors_Size
   48 00000000         
   49 00000000 00000000 
                       __Vectors
                               DCD              __initial_sp ; Top of Stack
   50 00000004 00000000        DCD              Reset_Handler ; Reset Handler
   51 00000008 00000000        DCD              NMI_Handler ; NMI Handler
   52 0000000C 00000000        DCD              HardFault_Handler ; Hard Fault 
                                                            Handler
   53 00000010 00000000        DCD              MemManage_Handler 
                                                            ; MPU Fault Handler
                                                            
   54 00000014 00000000        DCD              BusFault_Handler 
                                                            ; Bus Fault Handler
                                                            
   55 00000018 00000000        DCD              UsageFault_Handler ; Usage Faul
                                                            t Handler
   56 0000001C 00000000        DCD              0           ; Reserved
   57 00000020 00000000        DCD              0           ; Reserved
   58 00000024 00000000        DCD              0           ; Reserved
   59 00000028 00000000        DCD              0           ; Reserved
   60 0000002C 00000000        DCD              SVC_Handler ; SVCall Handler
   61 00000030 00000000        DCD              DebugMon_Handler ; Debug Monito
                                                            r Handler
   62 00000034 00000000        DCD              0           ; Reserved
   63 00000038 00000000        DCD              PendSV_Handler ; PendSV Handler
                                                            
   64 0000003C 00000000        DCD              SysTick_Handler 
                                                            ; SysTick Handler
   65 00000040         
   66 00000040         ;/******************************************************
                       *************************
   67 00000040         ; External Interrupts
   68 00000040         ;*******************************************************
                       ************************/
   69 00000040 00000000        DCD              WWDG_IRQHandler 
                                                            ; Window Watchdog
   70 00000044 00000000        DCD              PVD_IRQHandler ; PVD through EX
                                                            TI Line detect
   71 00000048 00000000        DCD              TAMPER_IRQHandler ; TAMPER
   72 0000004C 00000000        DCD              RTC_IRQHandler ; RTC
   73 00000050 00000000        DCD              FLASH_IRQHandler ; FLASH
   74 00000054 00000000        DCD              RCC_IRQHandler ; RCC
   75 00000058 00000000        DCD              EXTI0_IRQHandler ; EXTI Line 0
   76 0000005C 00000000        DCD              EXTI1_IRQHandler ; EXTI Line 1
   77 00000060 00000000        DCD              EXTI2_IRQHandler ; EXTI Line 2
   78 00000064 00000000        DCD              EXTI3_IRQHandler ; EXTI Line 3
   79 00000068 00000000        DCD              EXTI4_IRQHandler ; EXTI Line 4
   80 0000006C 00000000        DCD              DMA1_Channel1_IRQHandler 
                                                            ; DMA1 Channel 1
   81 00000070 00000000        DCD              DMA1_Channel2_IRQHandler 



ARM Macro Assembler    Page 3 


                                                            ; DMA1 Channel 2
   82 00000074 00000000        DCD              DMA1_Channel3_IRQHandler 
                                                            ; DMA1 Channel 3
   83 00000078 00000000        DCD              DMA1_Channel4_IRQHandler 
                                                            ; DMA1 Channel 4
   84 0000007C 00000000        DCD              DMA1_Channel5_IRQHandler 
                                                            ; DMA1 Channel 5
   85 00000080 00000000        DCD              DMA1_Channel6_IRQHandler 
                                                            ; DMA1 Channel 6
   86 00000084 00000000        DCD              DMA1_Channel7_IRQHandler 
                                                            ; DMA1 Channel 7
   87 00000088 00000000        DCD              ADC1_2_IRQHandler ; ADC1_2
   88 0000008C 00000000        DCD              USB_HP_CAN1_TX_IRQHandler ; USB
                                                             High Priority or C
                                                            AN1 TX
   89 00000090 00000000        DCD              USB_LP_CAN1_RX0_IRQHandler ; US
                                                            B Low  Priority or 
                                                            CAN1 RX0
   90 00000094 00000000        DCD              CAN1_RX1_IRQHandler ; CAN1 RX1
   91 00000098 00000000        DCD              CAN1_SCE_IRQHandler ; CAN1 SCE
   92 0000009C 00000000        DCD              EXTI9_5_IRQHandler 
                                                            ; EXTI Line 9..5
   93 000000A0 00000000        DCD              TIM1_BRK_IRQHandler 
                                                            ; TIM1 Break
   94 000000A4 00000000        DCD              TIM1_UP_IRQHandler 
                                                            ; TIM1 Update
   95 000000A8 00000000        DCD              TIM1_TRG_COM_IRQHandler ; TIM1 
                                                            Trigger and Commuta
                                                            tion
   96 000000AC 00000000        DCD              TIM1_CC_IRQHandler ; TIM1 Captu
                                                            re Compare
   97 000000B0 00000000        DCD              TIM2_IRQHandler ; TIM2
   98 000000B4 00000000        DCD              TIM3_IRQHandler ; TIM3
   99 000000B8 00000000        DCD              TIM4_IRQHandler ; TIM4
  100 000000BC 00000000        DCD              I2C1_EV_IRQHandler ; I2C1 Event
                                                            
  101 000000C0 00000000        DCD              I2C1_ER_IRQHandler ; I2C1 Error
                                                            
  102 000000C4 00000000        DCD              I2C2_EV_IRQHandler ; I2C2 Event
                                                            
  103 000000C8 00000000        DCD              I2C2_ER_IRQHandler ; I2C2 Error
                                                            
  104 000000CC 00000000        DCD              SPI1_IRQHandler ; SPI1
  105 000000D0 00000000        DCD              SPI2_IRQHandler ; SPI2
  106 000000D4 00000000        DCD              USART1_IRQHandler ; USART1
  107 000000D8 00000000        DCD              USART2_IRQHandler ; USART2
  108 000000DC 00000000        DCD              USART3_IRQHandler ; USART3
  109 000000E0 00000000        DCD              EXTI15_10_IRQHandler 
                                                            ; EXTI Line 15..10
  110 000000E4 00000000        DCD              RTCAlarm_IRQHandler ; RTC Alarm
                                                             through EXTI Line
  111 000000E8 00000000        DCD              USBWakeUp_IRQHandler 
                                                            ; USB Wakeup
  112 000000EC 00000000        DCD              USBHD_IRQHandler 
                                                            ; USB Host/Device 
  113 000000F0 00000000        DCD              USBHDWakeUp_IRQHandler ; USB Ho
                                                            st/Device Wakeup
  114 000000F4 00000000        DCD              ETH_IRQHandler ; ETH 
  115 000000F8 00000000        DCD              ETHWakeUp_IRQHandler 



ARM Macro Assembler    Page 4 


                                                            ; ETH Wakeup
  116 000000FC 00000000        DCD              BB_IRQHandler ; BLE BB
  117 00000100 00000000        DCD              LLE_IRQHandler ; BLE LLE
  118 00000104 00000000        DCD              TIM5_IRQHandler ; TIM5
  119 00000108 00000000        DCD              UART4_IRQHandler ; UART4
  120 0000010C 00000000        DCD              DMA1_Channel8_IRQHandler 
                                                            ; DMA1 Channel8
  121 00000110 00000000        DCD              OSC32KCal_IRQHandler 
                                                            ; OSC32KCal
  122 00000114 00000000        DCD              OSCWakeUp_IRQHandler ; OSC Wake
                                                            Up                 
                                                             
  123 00000118         
  124 00000118         __Vectors_End
  125 00000118         
  126 00000118 00000118 
                       __Vectors_Size
                               EQU              __Vectors_End - __Vectors
  127 00000118         
  128 00000118                 AREA             |.text|, CODE, READONLY
  129 00000000         ;/******************************************************
                       *************************
  130 00000000         ; Reset handler
  131 00000000         ;*******************************************************
                       ************************/
  132 00000000         Reset_Handler
                               PROC
  133 00000000                 EXPORT           Reset_Handler             [WEAK
]
  134 00000000                 IMPORT           __main
  135 00000000                 IMPORT           SystemInit
  136 00000000 4809            LDR              R0, =SystemInit
  137 00000002 4780            BLX              R0
  138 00000004 4809            LDR              R0, =__main
  139 00000006 4700            BX               R0
  140 00000008                 ENDP
  141 00000008         
  142 00000008         ;/******************************************************
                       *************************
  143 00000008         ; Dummy Exception Handlers (infinite loops which can be 
                       modified)
  144 00000008         ;*******************************************************
                       ************************/
  145 00000008         NMI_Handler
                               PROC
  146 00000008                 EXPORT           NMI_Handler                [WEA
K]
  147 00000008 E7FE            B                .
  148 0000000A                 ENDP
  150 0000000A         HardFault_Handler
                               PROC
  151 0000000A                 EXPORT           HardFault_Handler          [WEA
K]
  152 0000000A E7FE            B                .
  153 0000000C                 ENDP
  155 0000000C         MemManage_Handler
                               PROC
  156 0000000C                 EXPORT           MemManage_Handler          [WEA
K]



ARM Macro Assembler    Page 5 


  157 0000000C E7FE            B                .
  158 0000000E                 ENDP
  160 0000000E         BusFault_Handler
                               PROC
  161 0000000E                 EXPORT           BusFault_Handler           [WEA
K]
  162 0000000E E7FE            B                .
  163 00000010                 ENDP
  165 00000010         UsageFault_Handler
                               PROC
  166 00000010                 EXPORT           UsageFault_Handler         [WEA
K]
  167 00000010 E7FE            B                .
  168 00000012                 ENDP
  169 00000012         SVC_Handler
                               PROC
  170 00000012                 EXPORT           SVC_Handler                [WEA
K]
  171 00000012 E7FE            B                .
  172 00000014                 ENDP
  174 00000014         DebugMon_Handler
                               PROC
  175 00000014                 EXPORT           DebugMon_Handler           [WEA
K]
  176 00000014 E7FE            B                .
  177 00000016                 ENDP
  178 00000016         PendSV_Handler
                               PROC
  179 00000016                 EXPORT           PendSV_Handler             [WEA
K]
  180 00000016 E7FE            B                .
  181 00000018                 ENDP
  182 00000018         SysTick_Handler
                               PROC
  183 00000018                 EXPORT           SysTick_Handler            [WEA
K]
  184 00000018 E7FE            B                .
  185 0000001A                 ENDP
  186 0000001A         
  187 0000001A         Default_Handler
                               PROC
  188 0000001A         
  189 0000001A                 EXPORT           WWDG_IRQHandler            [WEA
K]
  190 0000001A                 EXPORT           PVD_IRQHandler             [WEA
K]
  191 0000001A                 EXPORT           TAMPER_IRQHandler          [WEA
K]
  192 0000001A                 EXPORT           RTC_IRQHandler             [WEA
K]
  193 0000001A                 EXPORT           FLASH_IRQHandler           [WEA
K]
  194 0000001A                 EXPORT           RCC_IRQHandler             [WEA
K]
  195 0000001A                 EXPORT           EXTI0_IRQHandler           [WEA
K]
  196 0000001A                 EXPORT           EXTI1_IRQHandler           [WEA
K]
  197 0000001A                 EXPORT           EXTI2_IRQHandler           [WEA



ARM Macro Assembler    Page 6 


K]
  198 0000001A                 EXPORT           EXTI3_IRQHandler           [WEA
K]
  199 0000001A                 EXPORT           EXTI4_IRQHandler           [WEA
K]
  200 0000001A                 EXPORT           DMA1_Channel1_IRQHandler   [WEA
K]
  201 0000001A                 EXPORT           DMA1_Channel2_IRQHandler   [WEA
K]
  202 0000001A                 EXPORT           DMA1_Channel3_IRQHandler   [WEA
K]
  203 0000001A                 EXPORT           DMA1_Channel4_IRQHandler   [WEA
K]
  204 0000001A                 EXPORT           DMA1_Channel5_IRQHandler   [WEA
K]
  205 0000001A                 EXPORT           DMA1_Channel6_IRQHandler   [WEA
K]
  206 0000001A                 EXPORT           DMA1_Channel7_IRQHandler   [WEA
K]
  207 0000001A                 EXPORT           ADC1_2_IRQHandler          [WEA
K]
  208 0000001A                 EXPORT           USB_HP_CAN1_TX_IRQHandler  [WEA
K]
  209 0000001A                 EXPORT           USB_LP_CAN1_RX0_IRQHandler [WEA
K]
  210 0000001A                 EXPORT           CAN1_RX1_IRQHandler        [WEA
K]
  211 0000001A                 EXPORT           CAN1_SCE_IRQHandler        [WEA
K]
  212 0000001A                 EXPORT           EXTI9_5_IRQHandler         [WEA
K]
  213 0000001A                 EXPORT           TIM1_BRK_IRQHandler        [WEA
K]
  214 0000001A                 EXPORT           TIM1_UP_IRQHandler         [WEA
K]
  215 0000001A                 EXPORT           TIM1_TRG_COM_IRQHandler    [WEA
K]
  216 0000001A                 EXPORT           TIM1_CC_IRQHandler         [WEA
K]
  217 0000001A                 EXPORT           TIM2_IRQHandler            [WEA
K]
  218 0000001A                 EXPORT           TIM3_IRQHandler            [WEA
K]
  219 0000001A                 EXPORT           TIM4_IRQHandler            [WEA
K]
  220 0000001A                 EXPORT           I2C1_EV_IRQHandler         [WEA
K]
  221 0000001A                 EXPORT           I2C1_ER_IRQHandler         [WEA
K]
  222 0000001A                 EXPORT           I2C2_EV_IRQHandler         [WEA
K]
  223 0000001A                 EXPORT           I2C2_ER_IRQHandler         [WEA
K]
  224 0000001A                 EXPORT           SPI1_IRQHandler            [WEA
K]
  225 0000001A                 EXPORT           SPI2_IRQHandler            [WEA
K]
  226 0000001A                 EXPORT           USART1_IRQHandler          [WEA
K]



ARM Macro Assembler    Page 7 


  227 0000001A                 EXPORT           USART2_IRQHandler          [WEA
K]
  228 0000001A                 EXPORT           USART3_IRQHandler          [WEA
K]
  229 0000001A                 EXPORT           EXTI15_10_IRQHandler       [WEA
K]
  230 0000001A                 EXPORT           RTCAlarm_IRQHandler        [WEA
K]
  231 0000001A                 EXPORT           USBWakeUp_IRQHandler       [WEA
K]
  232 0000001A                 EXPORT           USBHD_IRQHandler           [WEA
K]
  233 0000001A                 EXPORT           USBHDWakeUp_IRQHandler     [WEA
K]
  234 0000001A                 EXPORT           ETH_IRQHandler             [WEA
K]
  235 0000001A                 EXPORT           ETHWakeUp_IRQHandler       [WEA
K]
  236 0000001A                 EXPORT           BB_IRQHandler              [WEA
K]
  237 0000001A                 EXPORT           LLE_IRQHandler             [WEA
K]
  238 0000001A                 EXPORT           TIM5_IRQHandler            [WEA
K]
  239 0000001A                 EXPORT           UART4_IRQHandler           [WEA
K]
  240 0000001A                 EXPORT           DMA1_Channel8_IRQHandler   [WEA
K]
  241 0000001A                 EXPORT           OSC32KCal_IRQHandler       [WEA
K]
  242 0000001A                 EXPORT           OSCWakeUp_IRQHandler       [WEA
K]
  243 0000001A         
  244 0000001A         
  245 0000001A         WWDG_IRQHandler
  246 0000001A         PVD_IRQHandler
  247 0000001A         TAMPER_IRQHandler
  248 0000001A         RTC_IRQHandler
  249 0000001A         FLASH_IRQHandler
  250 0000001A         RCC_IRQHandler
  251 0000001A         EXTI0_IRQHandler
  252 0000001A         EXTI1_IRQHandler
  253 0000001A         EXTI2_IRQHandler
  254 0000001A         EXTI3_IRQHandler
  255 0000001A         EXTI4_IRQHandler
  256 0000001A         DMA1_Channel1_IRQHandler
  257 0000001A         DMA1_Channel2_IRQHandler
  258 0000001A         DMA1_Channel3_IRQHandler
  259 0000001A         DMA1_Channel4_IRQHandler
  260 0000001A         DMA1_Channel5_IRQHandler
  261 0000001A         DMA1_Channel6_IRQHandler
  262 0000001A         DMA1_Channel7_IRQHandler
  263 0000001A         ADC1_2_IRQHandler
  264 0000001A         USB_HP_CAN1_TX_IRQHandler
  265 0000001A         USB_LP_CAN1_RX0_IRQHandler
  266 0000001A         CAN1_RX1_IRQHandler
  267 0000001A         CAN1_SCE_IRQHandler
  268 0000001A         EXTI9_5_IRQHandler
  269 0000001A         TIM1_BRK_IRQHandler



ARM Macro Assembler    Page 8 


  270 0000001A         TIM1_UP_IRQHandler
  271 0000001A         TIM1_TRG_COM_IRQHandler
  272 0000001A         TIM1_CC_IRQHandler
  273 0000001A         TIM2_IRQHandler
  274 0000001A         TIM3_IRQHandler
  275 0000001A         TIM4_IRQHandler
  276 0000001A         I2C1_EV_IRQHandler
  277 0000001A         I2C1_ER_IRQHandler
  278 0000001A         I2C2_EV_IRQHandler
  279 0000001A         I2C2_ER_IRQHandler
  280 0000001A         SPI1_IRQHandler
  281 0000001A         SPI2_IRQHandler
  282 0000001A         USART1_IRQHandler
  283 0000001A         USART2_IRQHandler
  284 0000001A         USART3_IRQHandler
  285 0000001A         EXTI15_10_IRQHandler
  286 0000001A         RTCAlarm_IRQHandler
  287 0000001A         USBWakeUp_IRQHandler
  288 0000001A         USBHD_IRQHandler
  289 0000001A         USBHDWakeUp_IRQHandler
  290 0000001A         ETH_IRQHandler
  291 0000001A         ETHWakeUp_IRQHandler
  292 0000001A         BB_IRQHandler
  293 0000001A         LLE_IRQHandler
  294 0000001A         TIM5_IRQHandler
  295 0000001A         UART4_IRQHandler
  296 0000001A         DMA1_Channel8_IRQHandler
  297 0000001A         OSC32KCal_IRQHandler
  298 0000001A         OSCWakeUp_IRQHandler
  299 0000001A         
  300 0000001A E7FE            B                .
  301 0000001C         
  302 0000001C                 ENDP
  303 0000001C         
  304 0000001C                 ALIGN
  305 0000001C         
  306 0000001C         ;/******************************************************
                       *************************
  307 0000001C         ; User Stack and Heap initialization
  308 0000001C         ;*******************************************************
                       ************************/
  309 0000001C                 IF               :DEF:__MICROLIB
  316 0000001C         
  317 0000001C                 IMPORT           __use_two_region_memory
  318 0000001C                 EXPORT           __user_initial_stackheap
  319 0000001C         
  320 0000001C         __user_initial_stackheap
  321 0000001C         
  322 0000001C 4804            LDR              R0, =  Heap_Mem
  323 0000001E 4905            LDR              R1, =(Stack_Mem + Stack_Size)
  324 00000020 4A05            LDR              R2, = (Heap_Mem +  Heap_Size)
  325 00000022 4B06            LDR              R3, = Stack_Mem
  326 00000024 4770            BX               LR
  327 00000026         
  328 00000026 00 00           ALIGN
  329 00000028         
  330 00000028                 ENDIF
  331 00000028         
  332 00000028                 END



ARM Macro Assembler    Page 9 


              00000000 
              00000000 
              00000000 
              00000400 
              00000200 
              00000000 
Command Line: --debug --xref --diag_suppress=9931 --cpu=Cortex-M3 --apcs=interw
ork --depend=.\obj\startup_ch32f20x_d8w.d -o.\obj\startup_ch32f20x_d8w.o -ID:\C
H207\CH32F20xEVT\EVT\EXAM\FreeRTOS\FreeRTOS_Core\RTE -IC:\keil\MDK\ARM\PACK\Kei
l\WCH32F2xx_DFP\1.0.2\Device\Include -IC:\keil\MDK\ARM\CMSIS\Include --predefin
e="__UVISION_VERSION SETA 520" --list=.\list\startup_ch32f20x_d8w.lst ..\..\SRC
\Startup\startup_ch32f20x_D8W.s



ARM Macro Assembler    Page 1 Alphabetic symbol ordering
Relocatable symbols

STACK 00000000

Symbol: STACK
   Definitions
      At line 22 in file ..\..\SRC\Startup\startup_ch32f20x_D8W.s
   Uses
      None
Comment: STACK unused
Stack_Mem 00000000

Symbol: Stack_Mem
   Definitions
      At line 23 in file ..\..\SRC\Startup\startup_ch32f20x_D8W.s
   Uses
      At line 323 in file ..\..\SRC\Startup\startup_ch32f20x_D8W.s
      At line 325 in file ..\..\SRC\Startup\startup_ch32f20x_D8W.s

__initial_sp 00000400

Symbol: __initial_sp
   Definitions
      At line 24 in file ..\..\SRC\Startup\startup_ch32f20x_D8W.s
   Uses
      At line 49 in file ..\..\SRC\Startup\startup_ch32f20x_D8W.s
Comment: __initial_sp used once
3 symbols



ARM Macro Assembler    Page 1 Alphabetic symbol ordering
Relocatable symbols

HEAP 00000000

Symbol: HEAP
   Definitions
      At line 33 in file ..\..\SRC\Startup\startup_ch32f20x_D8W.s
   Uses
      None
Comment: HEAP unused
Heap_Mem 00000000

Symbol: Heap_Mem
   Definitions
      At line 35 in file ..\..\SRC\Startup\startup_ch32f20x_D8W.s
   Uses
      At line 322 in file ..\..\SRC\Startup\startup_ch32f20x_D8W.s
      At line 324 in file ..\..\SRC\Startup\startup_ch32f20x_D8W.s

__heap_base 00000000

Symbol: __heap_base
   Definitions
      At line 34 in file ..\..\SRC\Startup\startup_ch32f20x_D8W.s
   Uses
      None
Comment: __heap_base unused
__heap_limit 00000200

Symbol: __heap_limit
   Definitions
      At line 36 in file ..\..\SRC\Startup\startup_ch32f20x_D8W.s
   Uses
      None
Comment: __heap_limit unused
4 symbols



ARM Macro Assembler    Page 1 Alphabetic symbol ordering
Relocatable symbols

RESET 00000000

Symbol: RESET
   Definitions
      At line 44 in file ..\..\SRC\Startup\startup_ch32f20x_D8W.s
   Uses
      None
Comment: RESET unused
__Vectors 00000000

Symbol: __Vectors
   Definitions
      At line 49 in file ..\..\SRC\Startup\startup_ch32f20x_D8W.s
   Uses
      At line 45 in file ..\..\SRC\Startup\startup_ch32f20x_D8W.s
      At line 126 in file ..\..\SRC\Startup\startup_ch32f20x_D8W.s

__Vectors_End 00000118

Symbol: __Vectors_End
   Definitions
      At line 124 in file ..\..\SRC\Startup\startup_ch32f20x_D8W.s
   Uses
      At line 46 in file ..\..\SRC\Startup\startup_ch32f20x_D8W.s
      At line 126 in file ..\..\SRC\Startup\startup_ch32f20x_D8W.s

3 symbols



ARM Macro Assembler    Page 1 Alphabetic symbol ordering
Relocatable symbols

.text 00000000

Symbol: .text
   Definitions
      At line 128 in file ..\..\SRC\Startup\startup_ch32f20x_D8W.s
   Uses
      None
Comment: .text unused
ADC1_2_IRQHandler 0000001A

Symbol: ADC1_2_IRQHandler
   Definitions
      At line 263 in file ..\..\SRC\Startup\startup_ch32f20x_D8W.s
   Uses
      At line 87 in file ..\..\SRC\Startup\startup_ch32f20x_D8W.s
      At line 207 in file ..\..\SRC\Startup\startup_ch32f20x_D8W.s

BB_IRQHandler 0000001A

Symbol: BB_IRQHandler
   Definitions
      At line 292 in file ..\..\SRC\Startup\startup_ch32f20x_D8W.s
   Uses
      At line 116 in file ..\..\SRC\Startup\startup_ch32f20x_D8W.s
      At line 236 in file ..\..\SRC\Startup\startup_ch32f20x_D8W.s

BusFault_Handler 0000000E

Symbol: BusFault_Handler
   Definitions
      At line 160 in file ..\..\SRC\Startup\startup_ch32f20x_D8W.s
   Uses
      At line 54 in file ..\..\SRC\Startup\startup_ch32f20x_D8W.s
      At line 161 in file ..\..\SRC\Startup\startup_ch32f20x_D8W.s

CAN1_RX1_IRQHandler 0000001A

Symbol: CAN1_RX1_IRQHandler
   Definitions
      At line 266 in file ..\..\SRC\Startup\startup_ch32f20x_D8W.s
   Uses
      At line 90 in file ..\..\SRC\Startup\startup_ch32f20x_D8W.s
      At line 210 in file ..\..\SRC\Startup\startup_ch32f20x_D8W.s

CAN1_SCE_IRQHandler 0000001A

Symbol: CAN1_SCE_IRQHandler
   Definitions
      At line 267 in file ..\..\SRC\Startup\startup_ch32f20x_D8W.s
   Uses
      At line 91 in file ..\..\SRC\Startup\startup_ch32f20x_D8W.s
      At line 211 in file ..\..\SRC\Startup\startup_ch32f20x_D8W.s

DMA1_Channel1_IRQHandler 0000001A

Symbol: DMA1_Channel1_IRQHandler
   Definitions
      At line 256 in file ..\..\SRC\Startup\startup_ch32f20x_D8W.s
   Uses



ARM Macro Assembler    Page 2 Alphabetic symbol ordering
Relocatable symbols

      At line 80 in file ..\..\SRC\Startup\startup_ch32f20x_D8W.s
      At line 200 in file ..\..\SRC\Startup\startup_ch32f20x_D8W.s

DMA1_Channel2_IRQHandler 0000001A

Symbol: DMA1_Channel2_IRQHandler
   Definitions
      At line 257 in file ..\..\SRC\Startup\startup_ch32f20x_D8W.s
   Uses
      At line 81 in file ..\..\SRC\Startup\startup_ch32f20x_D8W.s
      At line 201 in file ..\..\SRC\Startup\startup_ch32f20x_D8W.s

DMA1_Channel3_IRQHandler 0000001A

Symbol: DMA1_Channel3_IRQHandler
   Definitions
      At line 258 in file ..\..\SRC\Startup\startup_ch32f20x_D8W.s
   Uses
      At line 82 in file ..\..\SRC\Startup\startup_ch32f20x_D8W.s
      At line 202 in file ..\..\SRC\Startup\startup_ch32f20x_D8W.s

DMA1_Channel4_IRQHandler 0000001A

Symbol: DMA1_Channel4_IRQHandler
   Definitions
      At line 259 in file ..\..\SRC\Startup\startup_ch32f20x_D8W.s
   Uses
      At line 83 in file ..\..\SRC\Startup\startup_ch32f20x_D8W.s
      At line 203 in file ..\..\SRC\Startup\startup_ch32f20x_D8W.s

DMA1_Channel5_IRQHandler 0000001A

Symbol: DMA1_Channel5_IRQHandler
   Definitions
      At line 260 in file ..\..\SRC\Startup\startup_ch32f20x_D8W.s
   Uses
      At line 84 in file ..\..\SRC\Startup\startup_ch32f20x_D8W.s
      At line 204 in file ..\..\SRC\Startup\startup_ch32f20x_D8W.s

DMA1_Channel6_IRQHandler 0000001A

Symbol: DMA1_Channel6_IRQHandler
   Definitions
      At line 261 in file ..\..\SRC\Startup\startup_ch32f20x_D8W.s
   Uses
      At line 85 in file ..\..\SRC\Startup\startup_ch32f20x_D8W.s
      At line 205 in file ..\..\SRC\Startup\startup_ch32f20x_D8W.s

DMA1_Channel7_IRQHandler 0000001A

Symbol: DMA1_Channel7_IRQHandler
   Definitions
      At line 262 in file ..\..\SRC\Startup\startup_ch32f20x_D8W.s
   Uses
      At line 86 in file ..\..\SRC\Startup\startup_ch32f20x_D8W.s
      At line 206 in file ..\..\SRC\Startup\startup_ch32f20x_D8W.s

DMA1_Channel8_IRQHandler 0000001A




ARM Macro Assembler    Page 3 Alphabetic symbol ordering
Relocatable symbols

Symbol: DMA1_Channel8_IRQHandler
   Definitions
      At line 296 in file ..\..\SRC\Startup\startup_ch32f20x_D8W.s
   Uses
      At line 120 in file ..\..\SRC\Startup\startup_ch32f20x_D8W.s
      At line 240 in file ..\..\SRC\Startup\startup_ch32f20x_D8W.s

DebugMon_Handler 00000014

Symbol: DebugMon_Handler
   Definitions
      At line 174 in file ..\..\SRC\Startup\startup_ch32f20x_D8W.s
   Uses
      At line 61 in file ..\..\SRC\Startup\startup_ch32f20x_D8W.s
      At line 175 in file ..\..\SRC\Startup\startup_ch32f20x_D8W.s

Default_Handler 0000001A

Symbol: Default_Handler
   Definitions
      At line 187 in file ..\..\SRC\Startup\startup_ch32f20x_D8W.s
   Uses
      None
Comment: Default_Handler unused
ETHWakeUp_IRQHandler 0000001A

Symbol: ETHWakeUp_IRQHandler
   Definitions
      At line 291 in file ..\..\SRC\Startup\startup_ch32f20x_D8W.s
   Uses
      At line 115 in file ..\..\SRC\Startup\startup_ch32f20x_D8W.s
      At line 235 in file ..\..\SRC\Startup\startup_ch32f20x_D8W.s

ETH_IRQHandler 0000001A

Symbol: ETH_IRQHandler
   Definitions
      At line 290 in file ..\..\SRC\Startup\startup_ch32f20x_D8W.s
   Uses
      At line 114 in file ..\..\SRC\Startup\startup_ch32f20x_D8W.s
      At line 234 in file ..\..\SRC\Startup\startup_ch32f20x_D8W.s

EXTI0_IRQHandler 0000001A

Symbol: EXTI0_IRQHandler
   Definitions
      At line 251 in file ..\..\SRC\Startup\startup_ch32f20x_D8W.s
   Uses
      At line 75 in file ..\..\SRC\Startup\startup_ch32f20x_D8W.s
      At line 195 in file ..\..\SRC\Startup\startup_ch32f20x_D8W.s

EXTI15_10_IRQHandler 0000001A

Symbol: EXTI15_10_IRQHandler
   Definitions
      At line 285 in file ..\..\SRC\Startup\startup_ch32f20x_D8W.s
   Uses
      At line 109 in file ..\..\SRC\Startup\startup_ch32f20x_D8W.s
      At line 229 in file ..\..\SRC\Startup\startup_ch32f20x_D8W.s



ARM Macro Assembler    Page 4 Alphabetic symbol ordering
Relocatable symbols


EXTI1_IRQHandler 0000001A

Symbol: EXTI1_IRQHandler
   Definitions
      At line 252 in file ..\..\SRC\Startup\startup_ch32f20x_D8W.s
   Uses
      At line 76 in file ..\..\SRC\Startup\startup_ch32f20x_D8W.s
      At line 196 in file ..\..\SRC\Startup\startup_ch32f20x_D8W.s

EXTI2_IRQHandler 0000001A

Symbol: EXTI2_IRQHandler
   Definitions
      At line 253 in file ..\..\SRC\Startup\startup_ch32f20x_D8W.s
   Uses
      At line 77 in file ..\..\SRC\Startup\startup_ch32f20x_D8W.s
      At line 197 in file ..\..\SRC\Startup\startup_ch32f20x_D8W.s

EXTI3_IRQHandler 0000001A

Symbol: EXTI3_IRQHandler
   Definitions
      At line 254 in file ..\..\SRC\Startup\startup_ch32f20x_D8W.s
   Uses
      At line 78 in file ..\..\SRC\Startup\startup_ch32f20x_D8W.s
      At line 198 in file ..\..\SRC\Startup\startup_ch32f20x_D8W.s

EXTI4_IRQHandler 0000001A

Symbol: EXTI4_IRQHandler
   Definitions
      At line 255 in file ..\..\SRC\Startup\startup_ch32f20x_D8W.s
   Uses
      At line 79 in file ..\..\SRC\Startup\startup_ch32f20x_D8W.s
      At line 199 in file ..\..\SRC\Startup\startup_ch32f20x_D8W.s

EXTI9_5_IRQHandler 0000001A

Symbol: EXTI9_5_IRQHandler
   Definitions
      At line 268 in file ..\..\SRC\Startup\startup_ch32f20x_D8W.s
   Uses
      At line 92 in file ..\..\SRC\Startup\startup_ch32f20x_D8W.s
      At line 212 in file ..\..\SRC\Startup\startup_ch32f20x_D8W.s

FLASH_IRQHandler 0000001A

Symbol: FLASH_IRQHandler
   Definitions
      At line 249 in file ..\..\SRC\Startup\startup_ch32f20x_D8W.s
   Uses
      At line 73 in file ..\..\SRC\Startup\startup_ch32f20x_D8W.s
      At line 193 in file ..\..\SRC\Startup\startup_ch32f20x_D8W.s

HardFault_Handler 0000000A

Symbol: HardFault_Handler
   Definitions



ARM Macro Assembler    Page 5 Alphabetic symbol ordering
Relocatable symbols

      At line 150 in file ..\..\SRC\Startup\startup_ch32f20x_D8W.s
   Uses
      At line 52 in file ..\..\SRC\Startup\startup_ch32f20x_D8W.s
      At line 151 in file ..\..\SRC\Startup\startup_ch32f20x_D8W.s

I2C1_ER_IRQHandler 0000001A

Symbol: I2C1_ER_IRQHandler
   Definitions
      At line 277 in file ..\..\SRC\Startup\startup_ch32f20x_D8W.s
   Uses
      At line 101 in file ..\..\SRC\Startup\startup_ch32f20x_D8W.s
      At line 221 in file ..\..\SRC\Startup\startup_ch32f20x_D8W.s

I2C1_EV_IRQHandler 0000001A

Symbol: I2C1_EV_IRQHandler
   Definitions
      At line 276 in file ..\..\SRC\Startup\startup_ch32f20x_D8W.s
   Uses
      At line 100 in file ..\..\SRC\Startup\startup_ch32f20x_D8W.s
      At line 220 in file ..\..\SRC\Startup\startup_ch32f20x_D8W.s

I2C2_ER_IRQHandler 0000001A

Symbol: I2C2_ER_IRQHandler
   Definitions
      At line 279 in file ..\..\SRC\Startup\startup_ch32f20x_D8W.s
   Uses
      At line 103 in file ..\..\SRC\Startup\startup_ch32f20x_D8W.s
      At line 223 in file ..\..\SRC\Startup\startup_ch32f20x_D8W.s

I2C2_EV_IRQHandler 0000001A

Symbol: I2C2_EV_IRQHandler
   Definitions
      At line 278 in file ..\..\SRC\Startup\startup_ch32f20x_D8W.s
   Uses
      At line 102 in file ..\..\SRC\Startup\startup_ch32f20x_D8W.s
      At line 222 in file ..\..\SRC\Startup\startup_ch32f20x_D8W.s

LLE_IRQHandler 0000001A

Symbol: LLE_IRQHandler
   Definitions
      At line 293 in file ..\..\SRC\Startup\startup_ch32f20x_D8W.s
   Uses
      At line 117 in file ..\..\SRC\Startup\startup_ch32f20x_D8W.s
      At line 237 in file ..\..\SRC\Startup\startup_ch32f20x_D8W.s

MemManage_Handler 0000000C

Symbol: MemManage_Handler
   Definitions
      At line 155 in file ..\..\SRC\Startup\startup_ch32f20x_D8W.s
   Uses
      At line 53 in file ..\..\SRC\Startup\startup_ch32f20x_D8W.s
      At line 156 in file ..\..\SRC\Startup\startup_ch32f20x_D8W.s




ARM Macro Assembler    Page 6 Alphabetic symbol ordering
Relocatable symbols

NMI_Handler 00000008

Symbol: NMI_Handler
   Definitions
      At line 145 in file ..\..\SRC\Startup\startup_ch32f20x_D8W.s
   Uses
      At line 51 in file ..\..\SRC\Startup\startup_ch32f20x_D8W.s
      At line 146 in file ..\..\SRC\Startup\startup_ch32f20x_D8W.s

OSC32KCal_IRQHandler 0000001A

Symbol: OSC32KCal_IRQHandler
   Definitions
      At line 297 in file ..\..\SRC\Startup\startup_ch32f20x_D8W.s
   Uses
      At line 121 in file ..\..\SRC\Startup\startup_ch32f20x_D8W.s
      At line 241 in file ..\..\SRC\Startup\startup_ch32f20x_D8W.s

OSCWakeUp_IRQHandler 0000001A

Symbol: OSCWakeUp_IRQHandler
   Definitions
      At line 298 in file ..\..\SRC\Startup\startup_ch32f20x_D8W.s
   Uses
      At line 122 in file ..\..\SRC\Startup\startup_ch32f20x_D8W.s
      At line 242 in file ..\..\SRC\Startup\startup_ch32f20x_D8W.s

PVD_IRQHandler 0000001A

Symbol: PVD_IRQHandler
   Definitions
      At line 246 in file ..\..\SRC\Startup\startup_ch32f20x_D8W.s
   Uses
      At line 70 in file ..\..\SRC\Startup\startup_ch32f20x_D8W.s
      At line 190 in file ..\..\SRC\Startup\startup_ch32f20x_D8W.s

PendSV_Handler 00000016

Symbol: PendSV_Handler
   Definitions
      At line 178 in file ..\..\SRC\Startup\startup_ch32f20x_D8W.s
   Uses
      At line 63 in file ..\..\SRC\Startup\startup_ch32f20x_D8W.s
      At line 179 in file ..\..\SRC\Startup\startup_ch32f20x_D8W.s

RCC_IRQHandler 0000001A

Symbol: RCC_IRQHandler
   Definitions
      At line 250 in file ..\..\SRC\Startup\startup_ch32f20x_D8W.s
   Uses
      At line 74 in file ..\..\SRC\Startup\startup_ch32f20x_D8W.s
      At line 194 in file ..\..\SRC\Startup\startup_ch32f20x_D8W.s

RTCAlarm_IRQHandler 0000001A

Symbol: RTCAlarm_IRQHandler
   Definitions
      At line 286 in file ..\..\SRC\Startup\startup_ch32f20x_D8W.s



ARM Macro Assembler    Page 7 Alphabetic symbol ordering
Relocatable symbols

   Uses
      At line 110 in file ..\..\SRC\Startup\startup_ch32f20x_D8W.s
      At line 230 in file ..\..\SRC\Startup\startup_ch32f20x_D8W.s

RTC_IRQHandler 0000001A

Symbol: RTC_IRQHandler
   Definitions
      At line 248 in file ..\..\SRC\Startup\startup_ch32f20x_D8W.s
   Uses
      At line 72 in file ..\..\SRC\Startup\startup_ch32f20x_D8W.s
      At line 192 in file ..\..\SRC\Startup\startup_ch32f20x_D8W.s

Reset_Handler 00000000

Symbol: Reset_Handler
   Definitions
      At line 132 in file ..\..\SRC\Startup\startup_ch32f20x_D8W.s
   Uses
      At line 50 in file ..\..\SRC\Startup\startup_ch32f20x_D8W.s
      At line 133 in file ..\..\SRC\Startup\startup_ch32f20x_D8W.s

SPI1_IRQHandler 0000001A

Symbol: SPI1_IRQHandler
   Definitions
      At line 280 in file ..\..\SRC\Startup\startup_ch32f20x_D8W.s
   Uses
      At line 104 in file ..\..\SRC\Startup\startup_ch32f20x_D8W.s
      At line 224 in file ..\..\SRC\Startup\startup_ch32f20x_D8W.s

SPI2_IRQHandler 0000001A

Symbol: SPI2_IRQHandler
   Definitions
      At line 281 in file ..\..\SRC\Startup\startup_ch32f20x_D8W.s
   Uses
      At line 105 in file ..\..\SRC\Startup\startup_ch32f20x_D8W.s
      At line 225 in file ..\..\SRC\Startup\startup_ch32f20x_D8W.s

SVC_Handler 00000012

Symbol: SVC_Handler
   Definitions
      At line 169 in file ..\..\SRC\Startup\startup_ch32f20x_D8W.s
   Uses
      At line 60 in file ..\..\SRC\Startup\startup_ch32f20x_D8W.s
      At line 170 in file ..\..\SRC\Startup\startup_ch32f20x_D8W.s

SysTick_Handler 00000018

Symbol: SysTick_Handler
   Definitions
      At line 182 in file ..\..\SRC\Startup\startup_ch32f20x_D8W.s
   Uses
      At line 64 in file ..\..\SRC\Startup\startup_ch32f20x_D8W.s
      At line 183 in file ..\..\SRC\Startup\startup_ch32f20x_D8W.s

TAMPER_IRQHandler 0000001A



ARM Macro Assembler    Page 8 Alphabetic symbol ordering
Relocatable symbols


Symbol: TAMPER_IRQHandler
   Definitions
      At line 247 in file ..\..\SRC\Startup\startup_ch32f20x_D8W.s
   Uses
      At line 71 in file ..\..\SRC\Startup\startup_ch32f20x_D8W.s
      At line 191 in file ..\..\SRC\Startup\startup_ch32f20x_D8W.s

TIM1_BRK_IRQHandler 0000001A

Symbol: TIM1_BRK_IRQHandler
   Definitions
      At line 269 in file ..\..\SRC\Startup\startup_ch32f20x_D8W.s
   Uses
      At line 93 in file ..\..\SRC\Startup\startup_ch32f20x_D8W.s
      At line 213 in file ..\..\SRC\Startup\startup_ch32f20x_D8W.s

TIM1_CC_IRQHandler 0000001A

Symbol: TIM1_CC_IRQHandler
   Definitions
      At line 272 in file ..\..\SRC\Startup\startup_ch32f20x_D8W.s
   Uses
      At line 96 in file ..\..\SRC\Startup\startup_ch32f20x_D8W.s
      At line 216 in file ..\..\SRC\Startup\startup_ch32f20x_D8W.s

TIM1_TRG_COM_IRQHandler 0000001A

Symbol: TIM1_TRG_COM_IRQHandler
   Definitions
      At line 271 in file ..\..\SRC\Startup\startup_ch32f20x_D8W.s
   Uses
      At line 95 in file ..\..\SRC\Startup\startup_ch32f20x_D8W.s
      At line 215 in file ..\..\SRC\Startup\startup_ch32f20x_D8W.s

TIM1_UP_IRQHandler 0000001A

Symbol: TIM1_UP_IRQHandler
   Definitions
      At line 270 in file ..\..\SRC\Startup\startup_ch32f20x_D8W.s
   Uses
      At line 94 in file ..\..\SRC\Startup\startup_ch32f20x_D8W.s
      At line 214 in file ..\..\SRC\Startup\startup_ch32f20x_D8W.s

TIM2_IRQHandler 0000001A

Symbol: TIM2_IRQHandler
   Definitions
      At line 273 in file ..\..\SRC\Startup\startup_ch32f20x_D8W.s
   Uses
      At line 97 in file ..\..\SRC\Startup\startup_ch32f20x_D8W.s
      At line 217 in file ..\..\SRC\Startup\startup_ch32f20x_D8W.s

TIM3_IRQHandler 0000001A

Symbol: TIM3_IRQHandler
   Definitions
      At line 274 in file ..\..\SRC\Startup\startup_ch32f20x_D8W.s
   Uses



ARM Macro Assembler    Page 9 Alphabetic symbol ordering
Relocatable symbols

      At line 98 in file ..\..\SRC\Startup\startup_ch32f20x_D8W.s
      At line 218 in file ..\..\SRC\Startup\startup_ch32f20x_D8W.s

TIM4_IRQHandler 0000001A

Symbol: TIM4_IRQHandler
   Definitions
      At line 275 in file ..\..\SRC\Startup\startup_ch32f20x_D8W.s
   Uses
      At line 99 in file ..\..\SRC\Startup\startup_ch32f20x_D8W.s
      At line 219 in file ..\..\SRC\Startup\startup_ch32f20x_D8W.s

TIM5_IRQHandler 0000001A

Symbol: TIM5_IRQHandler
   Definitions
      At line 294 in file ..\..\SRC\Startup\startup_ch32f20x_D8W.s
   Uses
      At line 118 in file ..\..\SRC\Startup\startup_ch32f20x_D8W.s
      At line 238 in file ..\..\SRC\Startup\startup_ch32f20x_D8W.s

UART4_IRQHandler 0000001A

Symbol: UART4_IRQHandler
   Definitions
      At line 295 in file ..\..\SRC\Startup\startup_ch32f20x_D8W.s
   Uses
      At line 119 in file ..\..\SRC\Startup\startup_ch32f20x_D8W.s
      At line 239 in file ..\..\SRC\Startup\startup_ch32f20x_D8W.s

USART1_IRQHandler 0000001A

Symbol: USART1_IRQHandler
   Definitions
      At line 282 in file ..\..\SRC\Startup\startup_ch32f20x_D8W.s
   Uses
      At line 106 in file ..\..\SRC\Startup\startup_ch32f20x_D8W.s
      At line 226 in file ..\..\SRC\Startup\startup_ch32f20x_D8W.s

USART2_IRQHandler 0000001A

Symbol: USART2_IRQHandler
   Definitions
      At line 283 in file ..\..\SRC\Startup\startup_ch32f20x_D8W.s
   Uses
      At line 107 in file ..\..\SRC\Startup\startup_ch32f20x_D8W.s
      At line 227 in file ..\..\SRC\Startup\startup_ch32f20x_D8W.s

USART3_IRQHandler 0000001A

Symbol: USART3_IRQHandler
   Definitions
      At line 284 in file ..\..\SRC\Startup\startup_ch32f20x_D8W.s
   Uses
      At line 108 in file ..\..\SRC\Startup\startup_ch32f20x_D8W.s
      At line 228 in file ..\..\SRC\Startup\startup_ch32f20x_D8W.s

USBHDWakeUp_IRQHandler 0000001A




ARM Macro Assembler    Page 10 Alphabetic symbol ordering
Relocatable symbols

Symbol: USBHDWakeUp_IRQHandler
   Definitions
      At line 289 in file ..\..\SRC\Startup\startup_ch32f20x_D8W.s
   Uses
      At line 113 in file ..\..\SRC\Startup\startup_ch32f20x_D8W.s
      At line 233 in file ..\..\SRC\Startup\startup_ch32f20x_D8W.s

USBHD_IRQHandler 0000001A

Symbol: USBHD_IRQHandler
   Definitions
      At line 288 in file ..\..\SRC\Startup\startup_ch32f20x_D8W.s
   Uses
      At line 112 in file ..\..\SRC\Startup\startup_ch32f20x_D8W.s
      At line 232 in file ..\..\SRC\Startup\startup_ch32f20x_D8W.s

USBWakeUp_IRQHandler 0000001A

Symbol: USBWakeUp_IRQHandler
   Definitions
      At line 287 in file ..\..\SRC\Startup\startup_ch32f20x_D8W.s
   Uses
      At line 111 in file ..\..\SRC\Startup\startup_ch32f20x_D8W.s
      At line 231 in file ..\..\SRC\Startup\startup_ch32f20x_D8W.s

USB_HP_CAN1_TX_IRQHandler 0000001A

Symbol: USB_HP_CAN1_TX_IRQHandler
   Definitions
      At line 264 in file ..\..\SRC\Startup\startup_ch32f20x_D8W.s
   Uses
      At line 88 in file ..\..\SRC\Startup\startup_ch32f20x_D8W.s
      At line 208 in file ..\..\SRC\Startup\startup_ch32f20x_D8W.s

USB_LP_CAN1_RX0_IRQHandler 0000001A

Symbol: USB_LP_CAN1_RX0_IRQHandler
   Definitions
      At line 265 in file ..\..\SRC\Startup\startup_ch32f20x_D8W.s
   Uses
      At line 89 in file ..\..\SRC\Startup\startup_ch32f20x_D8W.s
      At line 209 in file ..\..\SRC\Startup\startup_ch32f20x_D8W.s

UsageFault_Handler 00000010

Symbol: UsageFault_Handler
   Definitions
      At line 165 in file ..\..\SRC\Startup\startup_ch32f20x_D8W.s
   Uses
      At line 55 in file ..\..\SRC\Startup\startup_ch32f20x_D8W.s
      At line 166 in file ..\..\SRC\Startup\startup_ch32f20x_D8W.s

WWDG_IRQHandler 0000001A

Symbol: WWDG_IRQHandler
   Definitions
      At line 245 in file ..\..\SRC\Startup\startup_ch32f20x_D8W.s
   Uses
      At line 69 in file ..\..\SRC\Startup\startup_ch32f20x_D8W.s



ARM Macro Assembler    Page 11 Alphabetic symbol ordering
Relocatable symbols

      At line 189 in file ..\..\SRC\Startup\startup_ch32f20x_D8W.s

__user_initial_stackheap 0000001C

Symbol: __user_initial_stackheap
   Definitions
      At line 320 in file ..\..\SRC\Startup\startup_ch32f20x_D8W.s
   Uses
      At line 318 in file ..\..\SRC\Startup\startup_ch32f20x_D8W.s
Comment: __user_initial_stackheap used once
67 symbols



ARM Macro Assembler    Page 1 Alphabetic symbol ordering
Absolute symbols

Heap_Size 00000200

Symbol: Heap_Size
   Definitions
      At line 31 in file ..\..\SRC\Startup\startup_ch32f20x_D8W.s
   Uses
      At line 35 in file ..\..\SRC\Startup\startup_ch32f20x_D8W.s
      At line 324 in file ..\..\SRC\Startup\startup_ch32f20x_D8W.s

Stack_Size 00000400

Symbol: Stack_Size
   Definitions
      At line 20 in file ..\..\SRC\Startup\startup_ch32f20x_D8W.s
   Uses
      At line 23 in file ..\..\SRC\Startup\startup_ch32f20x_D8W.s
      At line 323 in file ..\..\SRC\Startup\startup_ch32f20x_D8W.s

__Vectors_Size 00000118

Symbol: __Vectors_Size
   Definitions
      At line 126 in file ..\..\SRC\Startup\startup_ch32f20x_D8W.s
   Uses
      At line 47 in file ..\..\SRC\Startup\startup_ch32f20x_D8W.s
Comment: __Vectors_Size used once
3 symbols



ARM Macro Assembler    Page 1 Alphabetic symbol ordering
External symbols

SystemInit 00000000

Symbol: SystemInit
   Definitions
      At line 135 in file ..\..\SRC\Startup\startup_ch32f20x_D8W.s
   Uses
      At line 136 in file ..\..\SRC\Startup\startup_ch32f20x_D8W.s
Comment: SystemInit used once
__main 00000000

Symbol: __main
   Definitions
      At line 134 in file ..\..\SRC\Startup\startup_ch32f20x_D8W.s
   Uses
      At line 138 in file ..\..\SRC\Startup\startup_ch32f20x_D8W.s
Comment: __main used once
__use_two_region_memory 00000000

Symbol: __use_two_region_memory
   Definitions
      At line 317 in file ..\..\SRC\Startup\startup_ch32f20x_D8W.s
   Uses
      None
Comment: __use_two_region_memory unused
3 symbols
418 symbols in table
